#
# A fatal error has been detected by the Java Runtime Environment:
#
#  EXCEPTION_ACCESS_VIOLATION (0xc0000005) at pc=0x00007ffb372ae32a, pid=12180, tid=21312
#
# JRE version: OpenJDK Runtime Environment Temurin-17.0.3+7 (17.0.3+7) (build 17.0.3+7)
# Java VM: OpenJDK 64-Bit Server VM Temurin-17.0.3+7 (17.0.3+7, mixed mode, tiered, compressed oops, compressed class ptrs, g1 gc, windows-amd64)
# Problematic frame:
# V  [jvm.dll+0x79e32a]
#
# No core dump will be written. Minidumps are not enabled by default on client versions of Windows
#
# If you would like to submit a bug report, please visit:
#   https://github.com/adoptium/adoptium-support/issues
#

---------------  S U M M A R Y ------------

Command Line: -XX:+ShowCodeDetailsInExceptionMessages -agentlib:jdwp=transport=dt_socket,suspend=y,address=localhost:60772 -Debx.properties=../EBX Home/ebx.properties -Debx.home=../EBX Home -Ddev.artifacts.properties=../cust-mdm/properties/local/dev-artifacts.properties -Dclean.workflows.properties.folder=../cust-mdm/properties/local -Dcatalina.home=../Tomcat/apache-tomcat -Dcatalina.base=../EBX Server -Xmx4096M -Xms126M -XX:+UseG1GC -javaagent:C:\Users\swakde\eclipse\java-2022-06\eclipse\configuration\org.eclipse.osgi\215\0\.cp\lib\javaagent-shaded.jar -Dfile.encoding=UTF-8 org.apache.catalina.startup.Bootstrap start

Host: 11th Gen Intel(R) Core(TM) i7-1165G7 @ 2.80GHz, 8 cores, 15G,  Windows 10 , 64 bit Build 19041 (10.0.19041.1889)
Time: Mon Sep  5 09:29:42 2022 India Standard Time elapsed time: 394.347950 seconds (0d 0h 6m 34s)

---------------  T H R E A D  ---------------

Current thread (0x0000022c7d719060):  JavaThread "JDWP Transport Listener: dt_socket" daemon [_thread_in_vm, id=21312, stack(0x0000004aa3c00000,0x0000004aa3d00000)]

Stack: [0x0000004aa3c00000,0x0000004aa3d00000],  sp=0x0000004aa3cff200,  free space=1020k
Native frames: (J=compiled Java code, j=interpreted, Vv=VM code, C=native code)
V  [jvm.dll+0x79e32a]
V  [jvm.dll+0x5088cc]
V  [jvm.dll+0x4cff34]
C  [jdwp.dll+0x22dff]


siginfo: EXCEPTION_ACCESS_VIOLATION (0xc0000005), reading address 0x00000000008a008c


Register to memory mapping:

RIP=0x00007ffb372ae32a jvm.dll
RAX=0x0000000000000087 is an unknown value
RBX=0x0000022c7d4abfed points into unknown readable memory: 65 64 43
RCX=0x00000000008a0088 is an unknown value
RDX=0x0000022c079a5660 points into unknown readable memory: 0x7375632f6d6f634c | 4c 63 6f 6d 2f 63 75 73
RSP=0x0000004aa3cff200 is pointing into the stack for thread: 0x0000022c7d719060
RBP=0x0000022c7d6fa9a0 points into unknown readable memory: 0x0000000000000002 | 02 00 00 00 00 00 00 00
RSI=0x0 is NULL
RDI=0xffffffffffffffff is an unknown value
R8 =0x0000000000000116 is an unknown value
R9 =0x0000000000000040 is an unknown value
R10=0x0000000000000100 is an unknown value
R11=0x0000004aa3cff220 is pointing into the stack for thread: 0x0000022c7d719060
R12=0x0000004aa3cff358 is pointing into the stack for thread: 0x0000022c7d719060
R13=0x0 is NULL
R14=0x0000000800d05970 is a pointer to class: 
com.cust.mdm.assignment.CountRecordService {0x0000000800d05978}
 - instance size:     2
 - klass size:        74
 - access:            public synchronized 
 - state:             fully_initialized
 - name:              'com/cust/mdm/assignment/CountRecordService'
 - super:             'java/lang/Object'
 - sub:               
 - arrays:            NULL
 - methods:           Array<T>(0x0000022c109c52a8)
 - method ordering:   Array<T>(0x0000022c109c6a20)
 - default_methods:   Array<T>(0x0000000000000000)
 - local interfaces:  Array<T>(0x0000022c109c5280)
 - trans. interfaces: Array<T>(0x0000022c109c5280)
 - constants:         constant pool [261]/operands[7] {0x0000022c1a785608} for 'com/cust/mdm/assignment/CountRecordService' cache=0x0000022c109c6530
 - class loader data:  loader data: 0x0000022c04acd480 for instance a 'org/apache/catalina/loader/WebappClassLoader'{0x0000000701a51d00}
 - source file:       'CountRecordService.java'
 - source debug extension:       SMAP
CountRecordService.java
Java
*S jdt
*F
1 CountRecordService.java
2 file:/C:/Employee/employeeworkspace/EBX%20Server/webapps/../../cust-mdm/WebContent/WEB-INF/classes/
*L
*E

 - class annotations:       Array<T>(0x0000000000000000)
 - class type annotations:  Array<T>(0x0000000000000000)
 - field annotations:       Array<T>(0x0000000000000000)
 - field type annotations:  Array<T>(0x0000000000000000)
 - generic signature: '
[error occurred during error reporting (printing register info), id 0xc0000005, EXCEPTION_ACCESS_VIOLATION (0xc0000005) at pc=0x00007ffb372aef36]

Registers:
RAX=0x0000000000000087, RBX=0x0000022c7d4abfed, RCX=0x00000000008a0088, RDX=0x0000022c079a5660
RSP=0x0000004aa3cff200, RBP=0x0000022c7d6fa9a0, RSI=0x0000000000000000, RDI=0xffffffffffffffff
R8 =0x0000000000000116, R9 =0x0000000000000040, R10=0x0000000000000100, R11=0x0000004aa3cff220
R12=0x0000004aa3cff358, R13=0x0000000000000000, R14=0x0000000800d05970, R15=0x0000004aa3cff380
RIP=0x00007ffb372ae32a, EFLAGS=0x0000000000010206

Top of Stack: (sp=0x0000004aa3cff200)
0x0000004aa3cff200:   000000000000002a 0000000800d05970
0x0000004aa3cff210:   0000022c126663b0 00007ffb8dab47b1
0x0000004aa3cff220:   ffffffffffffffff 00007ffb370188cc
0x0000004aa3cff230:   0000022c7d4abfed 0000022c7d4abfc0
0x0000004aa3cff240:   0000022c7d6fa9a0 0000000000000000
0x0000004aa3cff250:   0000022c7d4abf80 00000000000003d8
0x0000004aa3cff260:   0000022c7d4abf90 0000022c7d4ac368
0x0000004aa3cff270:   0000000000029e01 0000004aa3cff358
0x0000004aa3cff280:   0000000000000007 0000022c7d719308
0x0000004aa3cff290:   0000000714eb2d98 00007ffb36fdff34
0x0000004aa3cff2a0:   0000022c7d719060 0000004aa3cff380
0x0000004aa3cff2b0:   0000022c5dca2c90 0000004aa3cff380
0x0000004aa3cff2c0:   0000022c7d719060 0000000000000000
0x0000004aa3cff2d0:   0000000000000000 0000000000000000
0x0000004aa3cff2e0:   0000022c7f738f08 00007ffb7aec2dff
0x0000004aa3cff2f0:   0000004aa3cff378 00007ffb7aed1aa0 

Instructions: (pc=0x00007ffb372ae32a)
0x00007ffb372ae22a:   48 83 c4 20 5f e9 bc 80 90 ff cc cc cc cc cc cc
0x00007ffb372ae23a:   cc cc cc cc cc cc 48 89 5c 24 08 57 48 83 ec 20
0x00007ffb372ae24a:   83 fa 02 8d 42 06 b9 08 00 00 00 49 8b d8 0f 4e
0x00007ffb372ae25a:   c1 48 63 c8 48 83 c1 07 83 e1 f8 48 63 f9 49 8b
0x00007ffb372ae26a:   48 18 48 8b c7 48 f7 d0 48 3b c1 73 16 4c 8d 05
0x00007ffb372ae27a:   4a 50 17 00 48 8b d7 48 8b cb e8 c7 e3 90 ff 48
0x00007ffb372ae28a:   8b 4b 18 48 8d 04 39 48 3b 43 20 76 18 45 33 c0
0x00007ffb372ae29a:   48 8b d7 48 8b cb 48 8b 5c 24 30 48 83 c4 20 5f
0x00007ffb372ae2aa:   e9 21 e0 90 ff 48 89 43 18 48 8b c1 48 8b 5c 24
0x00007ffb372ae2ba:   30 48 83 c4 20 5f c3 cc cc cc cc cc cc cc cc cc
0x00007ffb372ae2ca:   cc cc cc cc cc cc 4c 8b d2 4c 8b d9 45 85 c0 7e
0x00007ffb372ae2da:   3c 44 0f b7 49 04 41 8d 40 ff 41 3b c1 44 0f 4c
0x00007ffb372ae2ea:   c8 4d 63 c1 45 85 c9 7e 1f 48 8b c2 4c 2b da 49
0x00007ffb372ae2fa:   8b d0 0f 1f 40 00 41 0f b6 4c 03 06 88 08 48 8d
0x00007ffb372ae30a:   40 01 48 83 ea 01 75 ee 43 c6 04 10 00 49 8b c2
0x00007ffb372ae31a:   c3 cc cc cc cc cc 48 89 5c 24 08 57 48 83 ec 20
0x00007ffb372ae32a:   0f b7 59 04 48 8b f9 33 d2 48 8d 4b 01 e8 a4 dc
0x00007ffb372ae33a:   f2 ff 0f b7 57 04 4c 8b c0 3b da 0f 42 d3 44 8b
0x00007ffb372ae34a:   ca 85 d2 74 39 48 2b f8 0f 1f 40 00 66 66 0f 1f
0x00007ffb372ae35a:   84 00 00 00 00 00 0f b6 4c 07 06 88 08 48 ff c0
0x00007ffb372ae36a:   48 8b c8 49 2b c8 49 3b c9 7c eb 42 c6 04 02 00
0x00007ffb372ae37a:   49 8b c0 48 8b 5c 24 30 48 83 c4 20 5f c3 48 8b
0x00007ffb372ae38a:   5c 24 30 c6 04 02 00 48 83 c4 20 5f c3 cc cc cc
0x00007ffb372ae39a:   cc cc cc cc cc cc 4c 8b d1 45 85 c0 7e 6c 44 0f
0x00007ffb372ae3aa:   b7 49 04 41 8d 40 ff 41 3b c1 44 0f 4c c8 4d 63
0x00007ffb372ae3ba:   d9 45 85 c9 7e 22 48 8b ca 4c 2b d2 4d 8b c3 0f
0x00007ffb372ae3ca:   1f 80 00 00 00 00 41 0f b6 44 0a 06 88 01 48 8d
0x00007ffb372ae3da:   49 01 49 83 e8 01 75 ee 41 c6 04 13 00 48 c7 c0
0x00007ffb372ae3ea:   ff ff ff ff 66 90 48 ff c0 80 3c 02 00 75 f7 48
0x00007ffb372ae3fa:   63 c8 85 c0 48 8b c2 7e 14 80 38 2f 75 03 c6 00
0x00007ffb372ae40a:   2e 48 ff c0 48 83 e9 01 75 ef 48 8b c2 c3 cc cc
0x00007ffb372ae41a:   cc cc cc cc cc cc 48 83 ec 28 e8 f7 fe ff ff 4c 


Stack slot to memory mapping:
stack at sp + 0 slots: 0x000000000000002a is an unknown value
stack at sp + 1 slots: 0x0000000800d05970 is a pointer to class: 
com.cust.mdm.assignment.CountRecordService {0x0000000800d05978}
 - instance size:     2
 - klass size:        74
 - access:            public synchronized 
 - state:             fully_initialized
 - name:              'com/cust/mdm/assignment/CountRecordService'
 - super:             'java/lang/Object'
 - sub:               
 - arrays:            NULL
 - methods:           Array<T>(0x0000022c109c52a8)
 - method ordering:   Array<T>(0x0000022c109c6a20)
 - default_methods:   Array<T>(0x0000000000000000)
 - local interfaces:  Array<T>(0x0000022c109c5280)
 - trans. interfaces: Array<T>(0x0000022c109c5280)
 - constants:         constant pool [261]/operands[7] {0x0000022c1a785608} for 'com/cust/mdm/assignment/CountRecordService' cache=0x0000022c109c6530
 - class loader data:  loader data: 0x0000022c04acd480 for instance a 'org/apache/catalina/loader/WebappClassLoader'{0x0000000701a51d00}
 - source file:       'CountRecordService.java'
 - source debug extension:       SMAP
CountRecordService.java
Java
*S jdt
*F
1 CountRecordService.java
2 file:/C:/Employee/employeeworkspace/EBX%20Server/webapps/../../cust-mdm/WebContent/WEB-INF/classes/
*L
*E

 - class annotations:       Array<T>(0x0000000000000000)
 - class type annotations:  Array<T>(0x0000000000000000)
 - field annotations:       Array<T>(0x0000000000000000)
 - field type annotations:  Array<T>(0x0000000000000000)
 - generic signature: '
[error occurred during error reporting (inspecting top of stack), id 0xc0000005, EXCEPTION_ACCESS_VIOLATION (0xc0000005) at pc=0x00007ffb372aef36]


---------------  P R O C E S S  ---------------

Threads class SMR info:
_java_thread_list=0x0000022c15213c40, length=49, elements={
0x0000022c5dcb3830, 0x0000022c7c924a00, 0x0000022c7c9252c0, 0x0000022c7d40cd20,
0x0000022c7d40d5e0, 0x0000022c7d40dea0, 0x0000022c7d451ec0, 0x0000022c7d452ab0,
0x0000022c7d460990, 0x0000022c7d46aea0, 0x0000022c7d58d100, 0x0000022c7d719060,
0x0000022c7d71b330, 0x0000022c7d6bf920, 0x0000022c7de10fc0, 0x0000022c7f80a3e0,
0x0000022c00dda600, 0x0000022c00dd92c0, 0x0000022c0698f700, 0x0000022c069913e0,
0x0000022c0698aed0, 0x0000022c06990f10, 0x0000022c0698da20, 0x0000022c06990570,
0x0000022c0698a060, 0x0000022c0698a530, 0x0000022c0698c210, 0x0000022c0698cbb0,
0x0000022c0698d080, 0x0000022c0698e890, 0x0000022c0375a480, 0x0000022c0375a950,
0x0000022c00ac78d0, 0x0000022c00ac2700, 0x0000022c00ac4d80, 0x0000022c0698e3c0,
0x0000022c06683630, 0x0000022c066822f0, 0x0000022c06684970, 0x0000022c06683b00,
0x0000022c06688330, 0x0000022c066827c0, 0x0000022c06686650, 0x0000022c0375c160,
0x0000022c0375c630, 0x0000022c038dfce0, 0x0000022c038e31d0, 0x0000022c00ac3f10,
0x0000022c069900a0
}

Java Threads: ( => current thread )
  0x0000022c5dcb3830 JavaThread "main" [_thread_in_native, id=19416, stack(0x0000004aa2b00000,0x0000004aa2c00000)]
  0x0000022c7c924a00 JavaThread "Reference Handler" daemon [_thread_blocked, id=26660, stack(0x0000004aa3200000,0x0000004aa3300000)]
  0x0000022c7c9252c0 JavaThread "Finalizer" daemon [_thread_blocked, id=10380, stack(0x0000004aa3300000,0x0000004aa3400000)]
  0x0000022c7d40cd20 JavaThread "Signal Dispatcher" daemon [_thread_blocked, id=23976, stack(0x0000004aa3400000,0x0000004aa3500000)]
  0x0000022c7d40d5e0 JavaThread "Attach Listener" daemon [_thread_blocked, id=8768, stack(0x0000004aa3500000,0x0000004aa3600000)]
  0x0000022c7d40dea0 JavaThread "Service Thread" daemon [_thread_blocked, id=8632, stack(0x0000004aa3600000,0x0000004aa3700000)]
  0x0000022c7d451ec0 JavaThread "Monitor Deflation Thread" daemon [_thread_blocked, id=20400, stack(0x0000004aa3700000,0x0000004aa3800000)]
  0x0000022c7d452ab0 JavaThread "C2 CompilerThread0" daemon [_thread_blocked, id=18644, stack(0x0000004aa3800000,0x0000004aa3900000)]
  0x0000022c7d460990 JavaThread "C1 CompilerThread0" daemon [_thread_blocked, id=30504, stack(0x0000004aa3900000,0x0000004aa3a00000)]
  0x0000022c7d46aea0 JavaThread "Sweeper thread" daemon [_thread_blocked, id=26696, stack(0x0000004aa3a00000,0x0000004aa3b00000)]
  0x0000022c7d58d100 JavaThread "Common-Cleaner" daemon [_thread_blocked, id=26700, stack(0x0000004aa3b00000,0x0000004aa3c00000)]
=>0x0000022c7d719060 JavaThread "JDWP Transport Listener: dt_socket" daemon [_thread_in_vm, id=21312, stack(0x0000004aa3c00000,0x0000004aa3d00000)]
  0x0000022c7d71b330 JavaThread "JDWP Event Helper Thread" daemon [_thread_blocked, id=22184, stack(0x0000004aa3d00000,0x0000004aa3e00000)]
  0x0000022c7d6bf920 JavaThread "JDWP Command Reader" daemon [_thread_in_native, id=16464, stack(0x0000004aa3e00000,0x0000004aa3f00000)]
  0x0000022c7de10fc0 JavaThread "Notification Thread" daemon [_thread_blocked, id=3560, stack(0x0000004aa3f00000,0x0000004aa4000000)]
  0x0000022c7f80a3e0 JavaThread "NioBlockingSelector.BlockPoller-1" daemon [_thread_in_native, id=8908, stack(0x0000004aa4a00000,0x0000004aa4b00000)]
  0x0000022c00dda600 JavaThread "ebx-watchdog" daemon [_thread_blocked, id=7608, stack(0x0000004aa4900000,0x0000004aa4a00000)]
  0x0000022c00dd92c0 JavaThread "ebx-memorySupervisor" daemon [_thread_blocked, id=16744, stack(0x0000004aa4e00000,0x0000004aa4f00000)]
  0x0000022c0698f700 JavaThread "MVStore background writer nio:C:/Employee/employeeworkspace/EBX Home/ebxRepository/h2/repository.mv.db" daemon [_thread_blocked, id=6132, stack(0x0000004aa5100000,0x0000004aa5200000)]
  0x0000022c069913e0 JavaThread "ebx-logUpdateScheduler" daemon [_thread_blocked, id=23356, stack(0x0000004aa5200000,0x0000004aa5300000)]
  0x0000022c0698aed0 JavaThread "ContainerBackgroundProcessor[StandardEngine[Catalina]]" daemon [_thread_blocked, id=6052, stack(0x0000004aa4800000,0x0000004aa4900000)]
  0x0000022c06990f10 JavaThread "http-nio-9090-exec-3" daemon [_thread_blocked, id=28244, stack(0x0000004aa5400000,0x0000004aa5500000)]
  0x0000022c0698da20 JavaThread "http-nio-9090-exec-4" daemon [_thread_blocked, id=22956, stack(0x0000004aa5500000,0x0000004aa5600000)]
  0x0000022c06990570 JavaThread "http-nio-9090-exec-5" daemon [_thread_blocked, id=14912, stack(0x0000004aa5600000,0x0000004aa5700000)]
  0x0000022c0698a060 JavaThread "http-nio-9090-exec-8" daemon [_thread_blocked, id=21884, stack(0x0000004aa5900000,0x0000004aa5a00000)]
  0x0000022c0698a530 JavaThread "http-nio-9090-exec-9" daemon [_thread_blocked, id=11064, stack(0x0000004aa5a00000,0x0000004aa5b00000)]
  0x0000022c0698c210 JavaThread "http-nio-9090-ClientPoller-0" daemon [_thread_in_native, id=25888, stack(0x0000004aa5c00000,0x0000004aa5d00000)]
  0x0000022c0698cbb0 JavaThread "http-nio-9090-ClientPoller-1" daemon [_thread_in_native, id=30024, stack(0x0000004aa5d00000,0x0000004aa5e00000)]
  0x0000022c0698d080 JavaThread "http-nio-9090-Acceptor-0" daemon [_thread_in_native, id=29884, stack(0x0000004aa5e00000,0x0000004aa5f00000)]
  0x0000022c0698e890 JavaThread "ebx-rro-125-unique" daemon [_thread_blocked, id=1892, stack(0x0000004aa5f00000,0x0000004aa6000000)]
  0x0000022c0375a480 JavaThread "ExpiringMap-Expirer" daemon [_thread_blocked, id=26716, stack(0x0000004aa6400000,0x0000004aa6500000)]
  0x0000022c0375a950 JavaThread "ebx-addon-dmdv-license" daemon [_thread_blocked, id=15388, stack(0x0000004aa2a00000,0x0000004aa2b00000)]
  0x0000022c00ac78d0 JavaThread "ebx-workflow-workItemSupervisor" daemon [_thread_blocked, id=14048, stack(0x0000004aa4c00000,0x0000004aa4d00000)]
  0x0000022c00ac2700 JavaThread "ebx-addon-common-license" daemon [_thread_blocked, id=28388, stack(0x0000004aa6100000,0x0000004aa6200000)]
  0x0000022c00ac4d80 JavaThread "Thread-5" daemon [_thread_blocked, id=29956, stack(0x0000004aa6500000,0x0000004aa6600000)]
  0x0000022c0698e3c0 JavaThread "ebx-addon-dint-license" daemon [_thread_blocked, id=28704, stack(0x0000004aa6700000,0x0000004aa6800000)]
  0x0000022c06683630 JavaThread "ebx-addon-tese-license" daemon [_thread_blocked, id=26064, stack(0x0000004aa6900000,0x0000004aa6a00000)]
  0x0000022c066822f0 JavaThread "ebx-addon-dama-license" daemon [_thread_blocked, id=21664, stack(0x0000004aa6b00000,0x0000004aa6c00000)]
  0x0000022c06684970 JavaThread "com.orchestranetworks.addon.dama.userservice.BackgroundTaskSchedulerTrigger_2" [_thread_blocked, id=12520, stack(0x0000004aa6c00000,0x0000004aa6d00000)]
  0x0000022c06683b00 JavaThread "ebx-addon-adix-license" daemon [_thread_blocked, id=6880, stack(0x0000004aa6f00000,0x0000004aa7000000)]
  0x0000022c06688330 JavaThread "ebx-user-preferences" daemon [_thread_blocked, id=9588, stack(0x0000004aa7000000,0x0000004aa7100000)]
  0x0000022c066827c0 JavaThread "ebx-scheduler-worker-1" daemon [_thread_blocked, id=23832, stack(0x0000004aa7200000,0x0000004aa7300000)]
  0x0000022c06686650 JavaThread "ebx-scheduler-schedulerThread" daemon [_thread_blocked, id=29764, stack(0x0000004aa7300000,0x0000004aa7400000)]
  0x0000022c0375c160 JavaThread "ebx-hierarchy-cache-cleaner-1" daemon [_thread_blocked, id=11996, stack(0x0000004aa2800000,0x0000004aa2900000)]
  0x0000022c0375c630 JavaThread "http-nio-9090-exec-14" daemon [_thread_blocked, id=1964, stack(0x0000004aa7700000,0x0000004aa7800000)]
  0x0000022c038dfce0 JavaThread "http-nio-9090-exec-16" daemon [_thread_blocked, id=376, stack(0x0000004aa7900000,0x0000004aa7a00000)]
  0x0000022c038e31d0 JavaThread "http-nio-9090-exec-18" daemon [_thread_blocked, id=22044, stack(0x0000004aa7b00000,0x0000004aa7c00000)]
  0x0000022c00ac3f10 JavaThread "http-nio-9090-exec-20" daemon [_thread_blocked, id=12428, stack(0x0000004aa7c00000,0x0000004aa7d00000)]
  0x0000022c069900a0 JavaThread "http-nio-9090-exec-19" daemon [_thread_blocked, id=1928, stack(0x0000004aa7d00000,0x0000004aa7e00000)]

Other Threads:
  0x0000022c7c93d740 VMThread "VM Thread" [stack: 0x0000004aa3100000,0x0000004aa3200000] [id=27000]
  0x0000022c7d77c5a0 WatcherThread [stack: 0x0000004aa4000000,0x0000004aa4100000] [id=29892]
  0x0000022c5dd20e30 GCTaskThread "GC Thread#0" [stack: 0x0000004aa2c00000,0x0000004aa2d00000] [id=16892]
  0x0000022c7ec8c650 GCTaskThread "GC Thread#1" [stack: 0x0000004aa4100000,0x0000004aa4200000] [id=26352]
  0x0000022c7ec564a0 GCTaskThread "GC Thread#2" [stack: 0x0000004aa4200000,0x0000004aa4300000] [id=696]
  0x0000022c7e33eae0 GCTaskThread "GC Thread#3" [stack: 0x0000004aa4300000,0x0000004aa4400000] [id=25572]
  0x0000022c7ecf4d70 GCTaskThread "GC Thread#4" [stack: 0x0000004aa4400000,0x0000004aa4500000] [id=14184]
  0x0000022c7ecf5020 GCTaskThread "GC Thread#5" [stack: 0x0000004aa4500000,0x0000004aa4600000] [id=6928]
  0x0000022c7ecf56d0 GCTaskThread "GC Thread#6" [stack: 0x0000004aa4600000,0x0000004aa4700000] [id=14024]
  0x0000022c7ecf6d50 GCTaskThread "GC Thread#7" [stack: 0x0000004aa4700000,0x0000004aa4800000] [id=30488]
  0x0000022c5dd32420 ConcurrentGCThread "G1 Main Marker" [stack: 0x0000004aa2d00000,0x0000004aa2e00000] [id=18788]
  0x0000022c5dd32d40 ConcurrentGCThread "G1 Conc#0" [stack: 0x0000004aa2e00000,0x0000004aa2f00000] [id=22272]
  0x0000022c7ecf7000 ConcurrentGCThread "G1 Conc#1" [stack: 0x0000004aa4d00000,0x0000004aa4e00000] [id=25912]
  0x0000022c5dd8e780 ConcurrentGCThread "G1 Refine#0" [stack: 0x0000004aa2f00000,0x0000004aa3000000] [id=20788]
  0x0000022c7c798100 ConcurrentGCThread "G1 Service" [stack: 0x0000004aa3000000,0x0000004aa3100000] [id=29800]

Threads with active compile tasks:

VM state: not at safepoint (normal execution)

VM Mutex/Monitor currently owned by a thread: None

Heap address: 0x0000000700000000, size: 4096 MB, Compressed Oops mode: Zero based, Oop shift amount: 3

CDS archive(s) not mapped
Compressed class space mapped at: 0x0000000800000000-0x0000000840000000, reserved size: 1073741824
Narrow klass base: 0x0000000800000000, Narrow klass shift: 0, Narrow klass range: 0x40000000

GC Precious Log:
 CPUs: 8 total, 8 available
 Memory: 16103M
 Large Page Support: Disabled
 NUMA Support: Disabled
 Compressed Oops: Enabled (Zero based)
 Heap Region Size: 2M
 Heap Min Capacity: 126M
 Heap Initial Capacity: 126M
 Heap Max Capacity: 4G
 Pre-touch: Disabled
 Parallel Workers: 8
 Concurrent Workers: 2
 Concurrent Refinement Workers: 8
 Periodic GC: Disabled

Heap:
 garbage-first heap   total 477184K, used 403429K [0x0000000700000000, 0x0000000800000000)
  region size 2048K, 5 young (10240K), 1 survivors (2048K)
 Metaspace       used 149039K, committed 151616K, reserved 1187840K
  class space    used 15877K, committed 16896K, reserved 1048576K

Heap Regions: E=young(eden), S=young(survivor), O=old, HS=humongous(starts), HC=humongous(continues), CS=collection set, F=free, OA=open archive, CA=closed archive, TAMS=top-at-mark-start (previous, next)
|   0|0x0000000700000000, 0x0000000700200000, 0x0000000700200000|100%|HS|  |TAMS 0x0000000700200000, 0x0000000700000000| Complete 
|   1|0x0000000700200000, 0x0000000700400000, 0x0000000700400000|100%|HC|  |TAMS 0x0000000700400000, 0x0000000700200000| Complete 
|   2|0x0000000700400000, 0x0000000700600000, 0x0000000700600000|100%| O|  |TAMS 0x0000000700600000, 0x0000000700400000| Untracked 
|   3|0x0000000700600000, 0x0000000700800000, 0x0000000700800000|100%| O|  |TAMS 0x0000000700800000, 0x0000000700600000| Untracked 
|   4|0x0000000700800000, 0x0000000700a00000, 0x0000000700a00000|100%| O|  |TAMS 0x0000000700a00000, 0x0000000700800000| Untracked 
|   5|0x0000000700a00000, 0x0000000700c00000, 0x0000000700c00000|100%| O|  |TAMS 0x0000000700c00000, 0x0000000700a00000| Untracked 
|   6|0x0000000700c00000, 0x0000000700e00000, 0x0000000700e00000|100%|HS|  |TAMS 0x0000000700e00000, 0x0000000700c00000| Complete 
|   7|0x0000000700e00000, 0x0000000701000000, 0x0000000701000000|100%| O|  |TAMS 0x0000000701000000, 0x0000000700e00000| Untracked 
|   8|0x0000000701000000, 0x0000000701200000, 0x0000000701200000|100%| O|  |TAMS 0x0000000701200000, 0x0000000701000000| Untracked 
|   9|0x0000000701200000, 0x0000000701400000, 0x0000000701400000|100%| O|  |TAMS 0x0000000701400000, 0x0000000701200000| Untracked 
|  10|0x0000000701400000, 0x0000000701600000, 0x0000000701600000|100%| O|  |TAMS 0x0000000701600000, 0x0000000701400000| Untracked 
|  11|0x0000000701600000, 0x0000000701800000, 0x0000000701800000|100%| O|  |TAMS 0x0000000701800000, 0x0000000701600000| Untracked 
|  12|0x0000000701800000, 0x0000000701a00000, 0x0000000701a00000|100%| O|  |TAMS 0x0000000701a00000, 0x0000000701800000| Untracked 
|  13|0x0000000701a00000, 0x0000000701c00000, 0x0000000701c00000|100%| O|  |TAMS 0x0000000701c00000, 0x0000000701a00000| Untracked 
|  14|0x0000000701c00000, 0x0000000701e00000, 0x0000000701e00000|100%| O|  |TAMS 0x0000000701e00000, 0x0000000701c00000| Untracked 
|  15|0x0000000701e00000, 0x0000000702000000, 0x0000000702000000|100%|HS|  |TAMS 0x0000000702000000, 0x0000000701e00000| Untracked 
|  16|0x0000000702000000, 0x0000000702200000, 0x0000000702200000|100%|HC|  |TAMS 0x0000000702200000, 0x0000000702000000| Untracked 
|  17|0x0000000702200000, 0x0000000702400000, 0x0000000702400000|100%|HS|  |TAMS 0x0000000702400000, 0x0000000702200000| Complete 
|  18|0x0000000702400000, 0x0000000702600000, 0x0000000702600000|100%| O|  |TAMS 0x0000000702600000, 0x0000000702400000| Untracked 
|  19|0x0000000702600000, 0x0000000702800000, 0x0000000702800000|100%| O|  |TAMS 0x0000000702800000, 0x0000000702600000| Untracked 
|  20|0x0000000702800000, 0x0000000702a00000, 0x0000000702a00000|100%| O|  |TAMS 0x0000000702a00000, 0x0000000702800000| Untracked 
|  21|0x0000000702a00000, 0x0000000702c00000, 0x0000000702c00000|100%| O|  |TAMS 0x0000000702c00000, 0x0000000702a00000| Untracked 
|  22|0x0000000702c00000, 0x0000000702e00000, 0x0000000702e00000|100%| O|  |TAMS 0x0000000702e00000, 0x0000000702c00000| Untracked 
|  23|0x0000000702e00000, 0x0000000703000000, 0x0000000703000000|100%| O|  |TAMS 0x0000000702e00000, 0x0000000702e00000| Untracked 
|  24|0x0000000703000000, 0x0000000703200000, 0x0000000703200000|100%| O|  |TAMS 0x0000000703200000, 0x0000000703000000| Untracked 
|  25|0x0000000703200000, 0x0000000703400000, 0x0000000703400000|100%| O|  |TAMS 0x0000000703400000, 0x0000000703200000| Untracked 
|  26|0x0000000703400000, 0x0000000703600000, 0x0000000703600000|100%| O|  |TAMS 0x0000000703600000, 0x0000000703400000| Untracked 
|  27|0x0000000703600000, 0x0000000703800000, 0x0000000703800000|100%| O|  |TAMS 0x0000000703800000, 0x0000000703600000| Untracked 
|  28|0x0000000703800000, 0x0000000703a00000, 0x0000000703a00000|100%| O|  |TAMS 0x0000000703a00000, 0x0000000703800000| Untracked 
|  29|0x0000000703a00000, 0x0000000703c00000, 0x0000000703c00000|100%| O|  |TAMS 0x0000000703c00000, 0x0000000703a00000| Untracked 
|  30|0x0000000703c00000, 0x0000000703e00000, 0x0000000703e00000|100%| O|  |TAMS 0x0000000703e00000, 0x0000000703c00000| Untracked 
|  31|0x0000000703e00000, 0x0000000704000000, 0x0000000704000000|100%| O|  |TAMS 0x0000000704000000, 0x0000000703e00000| Untracked 
|  32|0x0000000704000000, 0x0000000704200000, 0x0000000704200000|100%| O|  |TAMS 0x0000000704200000, 0x0000000704000000| Untracked 
|  33|0x0000000704200000, 0x0000000704400000, 0x0000000704400000|100%| O|  |TAMS 0x0000000704400000, 0x0000000704200000| Untracked 
|  34|0x0000000704400000, 0x0000000704600000, 0x0000000704600000|100%| O|  |TAMS 0x0000000704600000, 0x0000000704400000| Untracked 
|  35|0x0000000704600000, 0x0000000704800000, 0x0000000704800000|100%| O|  |TAMS 0x0000000704800000, 0x0000000704600000| Untracked 
|  36|0x0000000704800000, 0x0000000704a00000, 0x0000000704a00000|100%| O|  |TAMS 0x0000000704a00000, 0x0000000704800000| Untracked 
|  37|0x0000000704a00000, 0x0000000704c00000, 0x0000000704c00000|100%| O|  |TAMS 0x0000000704c00000, 0x0000000704a00000| Untracked 
|  38|0x0000000704c00000, 0x0000000704e00000, 0x0000000704e00000|100%| O|  |TAMS 0x0000000704e00000, 0x0000000704c00000| Untracked 
|  39|0x0000000704e00000, 0x0000000705000000, 0x0000000705000000|100%| O|  |TAMS 0x0000000705000000, 0x0000000704e00000| Untracked 
|  40|0x0000000705000000, 0x0000000705200000, 0x0000000705200000|100%| O|  |TAMS 0x0000000705200000, 0x0000000705000000| Untracked 
|  41|0x0000000705200000, 0x0000000705400000, 0x0000000705400000|100%| O|  |TAMS 0x0000000705400000, 0x0000000705200000| Untracked 
|  42|0x0000000705400000, 0x0000000705600000, 0x0000000705600000|100%| O|  |TAMS 0x0000000705600000, 0x0000000705400000| Untracked 
|  43|0x0000000705600000, 0x0000000705800000, 0x0000000705800000|100%| O|  |TAMS 0x0000000705600000, 0x0000000705600000| Untracked 
|  44|0x0000000705800000, 0x0000000705a00000, 0x0000000705a00000|100%| O|  |TAMS 0x0000000705800000, 0x0000000705800000| Untracked 
|  45|0x0000000705a00000, 0x0000000705c00000, 0x0000000705c00000|100%| O|  |TAMS 0x0000000705c00000, 0x0000000705a00000| Untracked 
|  46|0x0000000705c00000, 0x0000000705e00000, 0x0000000705e00000|100%| O|  |TAMS 0x0000000705e00000, 0x0000000705c00000| Untracked 
|  47|0x0000000705e00000, 0x0000000706000000, 0x0000000706000000|100%| O|  |TAMS 0x0000000706000000, 0x0000000705e00000| Untracked 
|  48|0x0000000706000000, 0x0000000706200000, 0x0000000706200000|100%| O|  |TAMS 0x0000000706200000, 0x0000000706000000| Untracked 
|  49|0x0000000706200000, 0x0000000706400000, 0x0000000706400000|100%| O|  |TAMS 0x0000000706400000, 0x0000000706200000| Untracked 
|  50|0x0000000706400000, 0x0000000706600000, 0x0000000706600000|100%| O|  |TAMS 0x0000000706600000, 0x0000000706400000| Untracked 
|  51|0x0000000706600000, 0x0000000706800000, 0x0000000706800000|100%| O|  |TAMS 0x0000000706800000, 0x0000000706600000| Untracked 
|  52|0x0000000706800000, 0x0000000706a00000, 0x0000000706a00000|100%| O|  |TAMS 0x0000000706a00000, 0x0000000706800000| Untracked 
|  53|0x0000000706a00000, 0x0000000706c00000, 0x0000000706c00000|100%| O|  |TAMS 0x0000000706c00000, 0x0000000706a00000| Untracked 
|  54|0x0000000706c00000, 0x0000000706e00000, 0x0000000706e00000|100%| O|  |TAMS 0x0000000706e00000, 0x0000000706c00000| Untracked 
|  55|0x0000000706e00000, 0x0000000707000000, 0x0000000707000000|100%| O|  |TAMS 0x0000000707000000, 0x0000000706e00000| Untracked 
|  56|0x0000000707000000, 0x0000000707200000, 0x0000000707200000|100%| O|  |TAMS 0x0000000707200000, 0x0000000707000000| Untracked 
|  57|0x0000000707200000, 0x0000000707400000, 0x0000000707400000|100%| O|  |TAMS 0x0000000707400000, 0x0000000707200000| Untracked 
|  58|0x0000000707400000, 0x0000000707600000, 0x0000000707600000|100%| O|  |TAMS 0x0000000707600000, 0x0000000707400000| Untracked 
|  59|0x0000000707600000, 0x0000000707800000, 0x0000000707800000|100%| O|  |TAMS 0x0000000707800000, 0x0000000707600000| Untracked 
|  60|0x0000000707800000, 0x0000000707a00000, 0x0000000707a00000|100%| O|  |TAMS 0x0000000707a00000, 0x0000000707800000| Untracked 
|  61|0x0000000707a00000, 0x0000000707c00000, 0x0000000707c00000|100%| O|  |TAMS 0x0000000707c00000, 0x0000000707a00000| Untracked 
|  62|0x0000000707c00000, 0x0000000707e00000, 0x0000000707e00000|100%| O|  |TAMS 0x0000000707e00000, 0x0000000707c00000| Untracked 
|  63|0x0000000707e00000, 0x0000000708000000, 0x0000000708000000|100%| O|  |TAMS 0x0000000708000000, 0x0000000707e00000| Untracked 
|  64|0x0000000708000000, 0x0000000708200000, 0x0000000708200000|100%| O|  |TAMS 0x0000000708200000, 0x0000000708000000| Untracked 
|  65|0x0000000708200000, 0x0000000708400000, 0x0000000708400000|100%| O|  |TAMS 0x0000000708400000, 0x0000000708200000| Untracked 
|  66|0x0000000708400000, 0x0000000708600000, 0x0000000708600000|100%| O|  |TAMS 0x000000070845e400, 0x0000000708400000| Untracked 
|  67|0x0000000708600000, 0x0000000708800000, 0x0000000708800000|100%| O|  |TAMS 0x0000000708600000, 0x0000000708600000| Untracked 
|  68|0x0000000708800000, 0x0000000708a00000, 0x0000000708a00000|100%| O|  |TAMS 0x0000000708800000, 0x0000000708800000| Untracked 
|  69|0x0000000708a00000, 0x0000000708c00000, 0x0000000708c00000|100%| O|  |TAMS 0x0000000708a00000, 0x0000000708a00000| Untracked 
|  70|0x0000000708c00000, 0x0000000708e00000, 0x0000000708e00000|100%| O|  |TAMS 0x0000000708c00000, 0x0000000708c00000| Untracked 
|  71|0x0000000708e00000, 0x0000000709000000, 0x0000000709000000|100%| O|  |TAMS 0x0000000708e00000, 0x0000000708e00000| Untracked 
|  72|0x0000000709000000, 0x0000000709200000, 0x0000000709200000|100%| O|  |TAMS 0x0000000709000000, 0x0000000709000000| Untracked 
|  73|0x0000000709200000, 0x0000000709400000, 0x0000000709400000|100%| O|  |TAMS 0x0000000709200000, 0x0000000709200000| Untracked 
|  74|0x0000000709400000, 0x0000000709600000, 0x0000000709600000|100%| O|  |TAMS 0x0000000709400000, 0x0000000709400000| Untracked 
|  75|0x0000000709600000, 0x0000000709800000, 0x0000000709800000|100%| O|  |TAMS 0x0000000709600000, 0x0000000709600000| Untracked 
|  76|0x0000000709800000, 0x0000000709a00000, 0x0000000709a00000|100%| O|  |TAMS 0x0000000709800000, 0x0000000709800000| Untracked 
|  77|0x0000000709a00000, 0x0000000709c00000, 0x0000000709c00000|100%| O|  |TAMS 0x0000000709a00000, 0x0000000709a00000| Untracked 
|  78|0x0000000709c00000, 0x0000000709e00000, 0x0000000709e00000|100%| O|  |TAMS 0x0000000709c00000, 0x0000000709c00000| Untracked 
|  79|0x0000000709e00000, 0x000000070a000000, 0x000000070a000000|100%| O|  |TAMS 0x0000000709e00000, 0x0000000709e00000| Untracked 
|  80|0x000000070a000000, 0x000000070a200000, 0x000000070a200000|100%| O|  |TAMS 0x000000070a000000, 0x000000070a000000| Untracked 
|  81|0x000000070a200000, 0x000000070a400000, 0x000000070a400000|100%| O|  |TAMS 0x000000070a200000, 0x000000070a200000| Untracked 
|  82|0x000000070a400000, 0x000000070a600000, 0x000000070a600000|100%| O|  |TAMS 0x000000070a400000, 0x000000070a400000| Untracked 
|  83|0x000000070a600000, 0x000000070a800000, 0x000000070a800000|100%| O|  |TAMS 0x000000070a600000, 0x000000070a600000| Untracked 
|  84|0x000000070a800000, 0x000000070aa00000, 0x000000070aa00000|100%| O|  |TAMS 0x000000070a800000, 0x000000070a800000| Untracked 
|  85|0x000000070aa00000, 0x000000070ac00000, 0x000000070ac00000|100%| O|  |TAMS 0x000000070aa00000, 0x000000070aa00000| Untracked 
|  86|0x000000070ac00000, 0x000000070ae00000, 0x000000070ae00000|100%| O|  |TAMS 0x000000070ac00000, 0x000000070ac00000| Untracked 
|  87|0x000000070ae00000, 0x000000070b000000, 0x000000070b000000|100%| O|  |TAMS 0x000000070ae00000, 0x000000070ae00000| Untracked 
|  88|0x000000070b000000, 0x000000070b200000, 0x000000070b200000|100%| O|  |TAMS 0x000000070b000000, 0x000000070b000000| Untracked 
|  89|0x000000070b200000, 0x000000070b400000, 0x000000070b400000|100%| O|  |TAMS 0x000000070b200000, 0x000000070b200000| Untracked 
|  90|0x000000070b400000, 0x000000070b600000, 0x000000070b600000|100%| O|  |TAMS 0x000000070b400000, 0x000000070b400000| Untracked 
|  91|0x000000070b600000, 0x000000070b800000, 0x000000070b800000|100%| O|  |TAMS 0x000000070b600000, 0x000000070b600000| Untracked 
|  92|0x000000070b800000, 0x000000070ba00000, 0x000000070ba00000|100%| O|  |TAMS 0x000000070b800000, 0x000000070b800000| Untracked 
|  93|0x000000070ba00000, 0x000000070bc00000, 0x000000070bc00000|100%| O|  |TAMS 0x000000070ba00000, 0x000000070ba00000| Untracked 
|  94|0x000000070bc00000, 0x000000070be00000, 0x000000070be00000|100%| O|  |TAMS 0x000000070bc00000, 0x000000070bc00000| Untracked 
|  95|0x000000070be00000, 0x000000070c000000, 0x000000070c000000|100%| O|  |TAMS 0x000000070be00000, 0x000000070be00000| Untracked 
|  96|0x000000070c000000, 0x000000070c200000, 0x000000070c200000|100%| O|  |TAMS 0x000000070c000000, 0x000000070c000000| Untracked 
|  97|0x000000070c200000, 0x000000070c400000, 0x000000070c400000|100%| O|  |TAMS 0x000000070c200000, 0x000000070c200000| Untracked 
|  98|0x000000070c400000, 0x000000070c600000, 0x000000070c600000|100%| O|  |TAMS 0x000000070c400000, 0x000000070c400000| Untracked 
|  99|0x000000070c600000, 0x000000070c800000, 0x000000070c800000|100%| O|  |TAMS 0x000000070c600000, 0x000000070c600000| Untracked 
| 100|0x000000070c800000, 0x000000070ca00000, 0x000000070ca00000|100%| O|  |TAMS 0x000000070c800000, 0x000000070c800000| Untracked 
| 101|0x000000070ca00000, 0x000000070cc00000, 0x000000070cc00000|100%| O|  |TAMS 0x000000070ca00000, 0x000000070ca00000| Untracked 
| 102|0x000000070cc00000, 0x000000070ce00000, 0x000000070ce00000|100%| O|  |TAMS 0x000000070cc00000, 0x000000070cc00000| Untracked 
| 103|0x000000070ce00000, 0x000000070d000000, 0x000000070d000000|100%| O|  |TAMS 0x000000070ce00000, 0x000000070ce00000| Untracked 
| 104|0x000000070d000000, 0x000000070d200000, 0x000000070d200000|100%| O|  |TAMS 0x000000070d000000, 0x000000070d000000| Untracked 
| 105|0x000000070d200000, 0x000000070d400000, 0x000000070d400000|100%| O|  |TAMS 0x000000070d200000, 0x000000070d200000| Untracked 
| 106|0x000000070d400000, 0x000000070d600000, 0x000000070d600000|100%| O|  |TAMS 0x000000070d400000, 0x000000070d400000| Untracked 
| 107|0x000000070d600000, 0x000000070d800000, 0x000000070d800000|100%| O|  |TAMS 0x000000070d600000, 0x000000070d600000| Untracked 
| 108|0x000000070d800000, 0x000000070da00000, 0x000000070da00000|100%| O|  |TAMS 0x000000070d800000, 0x000000070d800000| Untracked 
| 109|0x000000070da00000, 0x000000070dc00000, 0x000000070dc00000|100%| O|  |TAMS 0x000000070da00000, 0x000000070da00000| Untracked 
| 110|0x000000070dc00000, 0x000000070de00000, 0x000000070de00000|100%| O|  |TAMS 0x000000070dc00000, 0x000000070dc00000| Untracked 
| 111|0x000000070de00000, 0x000000070e000000, 0x000000070e000000|100%| O|  |TAMS 0x000000070de00000, 0x000000070de00000| Untracked 
| 112|0x000000070e000000, 0x000000070e200000, 0x000000070e200000|100%| O|  |TAMS 0x000000070e000000, 0x000000070e000000| Untracked 
| 113|0x000000070e200000, 0x000000070e400000, 0x000000070e400000|100%| O|  |TAMS 0x000000070e200000, 0x000000070e200000| Untracked 
| 114|0x000000070e400000, 0x000000070e600000, 0x000000070e600000|100%| O|  |TAMS 0x000000070e400000, 0x000000070e400000| Untracked 
| 115|0x000000070e600000, 0x000000070e800000, 0x000000070e800000|100%| O|  |TAMS 0x000000070e600000, 0x000000070e600000| Untracked 
| 116|0x000000070e800000, 0x000000070ea00000, 0x000000070ea00000|100%| O|  |TAMS 0x000000070e800000, 0x000000070e800000| Untracked 
| 117|0x000000070ea00000, 0x000000070ec00000, 0x000000070ec00000|100%| O|  |TAMS 0x000000070ea00000, 0x000000070ea00000| Untracked 
| 118|0x000000070ec00000, 0x000000070ee00000, 0x000000070ee00000|100%| O|  |TAMS 0x000000070ec00000, 0x000000070ec00000| Untracked 
| 119|0x000000070ee00000, 0x000000070f000000, 0x000000070f000000|100%| O|  |TAMS 0x000000070ee00000, 0x000000070ee00000| Untracked 
| 120|0x000000070f000000, 0x000000070f200000, 0x000000070f200000|100%| O|  |TAMS 0x000000070f000000, 0x000000070f000000| Untracked 
| 121|0x000000070f200000, 0x000000070f400000, 0x000000070f400000|100%| O|  |TAMS 0x000000070f200000, 0x000000070f200000| Untracked 
| 122|0x000000070f400000, 0x000000070f600000, 0x000000070f600000|100%| O|  |TAMS 0x000000070f400000, 0x000000070f400000| Untracked 
| 123|0x000000070f600000, 0x000000070f800000, 0x000000070f800000|100%| O|  |TAMS 0x000000070f600000, 0x000000070f600000| Untracked 
| 124|0x000000070f800000, 0x000000070fa00000, 0x000000070fa00000|100%| O|  |TAMS 0x000000070f800000, 0x000000070f800000| Untracked 
| 125|0x000000070fa00000, 0x000000070fc00000, 0x000000070fc00000|100%| O|  |TAMS 0x000000070fa00000, 0x000000070fa00000| Untracked 
| 126|0x000000070fc00000, 0x000000070fe00000, 0x000000070fe00000|100%| O|  |TAMS 0x000000070fc00000, 0x000000070fc00000| Untracked 
| 127|0x000000070fe00000, 0x0000000710000000, 0x0000000710000000|100%| O|  |TAMS 0x000000070fe00000, 0x000000070fe00000| Untracked 
| 128|0x0000000710000000, 0x0000000710200000, 0x0000000710200000|100%| O|  |TAMS 0x0000000710000000, 0x0000000710000000| Untracked 
| 129|0x0000000710200000, 0x0000000710400000, 0x0000000710400000|100%|HS|  |TAMS 0x0000000710200000, 0x0000000710200000| Complete 
| 130|0x0000000710400000, 0x0000000710600000, 0x0000000710600000|100%|HC|  |TAMS 0x0000000710400000, 0x0000000710400000| Complete 
| 131|0x0000000710600000, 0x0000000710800000, 0x0000000710800000|100%|HC|  |TAMS 0x0000000710600000, 0x0000000710600000| Complete 
| 132|0x0000000710800000, 0x0000000710a00000, 0x0000000710a00000|100%|HC|  |TAMS 0x0000000710800000, 0x0000000710800000| Complete 
| 133|0x0000000710a00000, 0x0000000710c00000, 0x0000000710c00000|100%| O|  |TAMS 0x0000000710a00000, 0x0000000710a00000| Untracked 
| 134|0x0000000710c00000, 0x0000000710e00000, 0x0000000710e00000|100%| O|  |TAMS 0x0000000710c00000, 0x0000000710c00000| Untracked 
| 135|0x0000000710e00000, 0x0000000711000000, 0x0000000711000000|100%| O|  |TAMS 0x0000000710e00000, 0x0000000710e00000| Untracked 
| 136|0x0000000711000000, 0x0000000711200000, 0x0000000711200000|100%| O|  |TAMS 0x0000000711000000, 0x0000000711000000| Untracked 
| 137|0x0000000711200000, 0x0000000711400000, 0x0000000711400000|100%| O|  |TAMS 0x0000000711200000, 0x0000000711200000| Untracked 
| 138|0x0000000711400000, 0x0000000711600000, 0x0000000711600000|100%| O|  |TAMS 0x0000000711400000, 0x0000000711400000| Untracked 
| 139|0x0000000711600000, 0x0000000711800000, 0x0000000711800000|100%| O|  |TAMS 0x0000000711600000, 0x0000000711600000| Untracked 
| 140|0x0000000711800000, 0x0000000711a00000, 0x0000000711a00000|100%| O|  |TAMS 0x0000000711800000, 0x0000000711800000| Untracked 
| 141|0x0000000711a00000, 0x0000000711c00000, 0x0000000711c00000|100%| O|  |TAMS 0x0000000711a00000, 0x0000000711a00000| Untracked 
| 142|0x0000000711c00000, 0x0000000711e00000, 0x0000000711e00000|100%| O|  |TAMS 0x0000000711c00000, 0x0000000711c00000| Untracked 
| 143|0x0000000711e00000, 0x0000000712000000, 0x0000000712000000|100%| O|  |TAMS 0x0000000711e00000, 0x0000000711e00000| Untracked 
| 144|0x0000000712000000, 0x0000000712200000, 0x0000000712200000|100%| O|  |TAMS 0x0000000712000000, 0x0000000712000000| Untracked 
| 145|0x0000000712200000, 0x0000000712400000, 0x0000000712400000|100%| O|  |TAMS 0x0000000712200000, 0x0000000712200000| Untracked 
| 146|0x0000000712400000, 0x0000000712600000, 0x0000000712600000|100%| O|  |TAMS 0x0000000712400000, 0x0000000712400000| Untracked 
| 147|0x0000000712600000, 0x0000000712800000, 0x0000000712800000|100%| O|  |TAMS 0x0000000712600000, 0x0000000712600000| Untracked 
| 148|0x0000000712800000, 0x0000000712a00000, 0x0000000712a00000|100%| O|  |TAMS 0x0000000712800000, 0x0000000712800000| Untracked 
| 149|0x0000000712a00000, 0x0000000712c00000, 0x0000000712c00000|100%| O|  |TAMS 0x0000000712a00000, 0x0000000712a00000| Untracked 
| 150|0x0000000712c00000, 0x0000000712e00000, 0x0000000712e00000|100%| O|  |TAMS 0x0000000712c00000, 0x0000000712c00000| Untracked 
| 151|0x0000000712e00000, 0x0000000713000000, 0x0000000713000000|100%| O|  |TAMS 0x0000000712e00000, 0x0000000712e00000| Untracked 
| 152|0x0000000713000000, 0x0000000713200000, 0x0000000713200000|100%| O|  |TAMS 0x0000000713000000, 0x0000000713000000| Untracked 
| 153|0x0000000713200000, 0x0000000713400000, 0x0000000713400000|100%| O|  |TAMS 0x0000000713200000, 0x0000000713200000| Untracked 
| 154|0x0000000713400000, 0x0000000713600000, 0x0000000713600000|100%| O|  |TAMS 0x0000000713400000, 0x0000000713400000| Untracked 
| 155|0x0000000713600000, 0x0000000713800000, 0x0000000713800000|100%| O|  |TAMS 0x0000000713600000, 0x0000000713600000| Untracked 
| 156|0x0000000713800000, 0x0000000713a00000, 0x0000000713a00000|100%| O|  |TAMS 0x0000000713800000, 0x0000000713800000| Untracked 
| 157|0x0000000713a00000, 0x0000000713c00000, 0x0000000713c00000|100%| O|  |TAMS 0x0000000713a00000, 0x0000000713a00000| Untracked 
| 158|0x0000000713c00000, 0x0000000713e00000, 0x0000000713e00000|100%| O|  |TAMS 0x0000000713c00000, 0x0000000713c00000| Untracked 
| 159|0x0000000713e00000, 0x0000000714000000, 0x0000000714000000|100%| O|  |TAMS 0x0000000713e00000, 0x0000000713e00000| Untracked 
| 160|0x0000000714000000, 0x0000000714200000, 0x0000000714200000|100%| O|  |TAMS 0x0000000714000000, 0x0000000714000000| Untracked 
| 161|0x0000000714200000, 0x0000000714400000, 0x0000000714400000|100%| O|  |TAMS 0x0000000714200000, 0x0000000714200000| Untracked 
| 162|0x0000000714400000, 0x0000000714600000, 0x0000000714600000|100%| O|  |TAMS 0x0000000714400000, 0x0000000714400000| Untracked 
| 163|0x0000000714600000, 0x0000000714800000, 0x0000000714800000|100%| O|  |TAMS 0x0000000714600000, 0x0000000714600000| Untracked 
| 164|0x0000000714800000, 0x0000000714a00000, 0x0000000714a00000|100%|HS|  |TAMS 0x0000000714800000, 0x0000000714800000| Complete 
| 165|0x0000000714a00000, 0x0000000714c00000, 0x0000000714c00000|100%| O|  |TAMS 0x0000000714a00000, 0x0000000714a00000| Untracked 
| 166|0x0000000714c00000, 0x0000000714e00000, 0x0000000714e00000|100%| O|  |TAMS 0x0000000714c00000, 0x0000000714c00000| Untracked 
| 167|0x0000000714e00000, 0x0000000715000000, 0x0000000715000000|100%| O|  |TAMS 0x0000000714e00000, 0x0000000714e00000| Untracked 
| 168|0x0000000715000000, 0x0000000715200000, 0x0000000715200000|100%| O|  |TAMS 0x0000000715000000, 0x0000000715000000| Untracked 
| 169|0x0000000715200000, 0x0000000715400000, 0x0000000715400000|100%| O|  |TAMS 0x0000000715200000, 0x0000000715200000| Untracked 
| 170|0x0000000715400000, 0x0000000715600000, 0x0000000715600000|100%| O|  |TAMS 0x0000000715400000, 0x0000000715400000| Untracked 
| 171|0x0000000715600000, 0x0000000715800000, 0x0000000715800000|100%| O|  |TAMS 0x0000000715600000, 0x0000000715600000| Untracked 
| 172|0x0000000715800000, 0x0000000715a00000, 0x0000000715a00000|100%| O|  |TAMS 0x0000000715800000, 0x0000000715800000| Untracked 
| 173|0x0000000715a00000, 0x0000000715c00000, 0x0000000715c00000|100%| O|  |TAMS 0x0000000715a00000, 0x0000000715a00000| Untracked 
| 174|0x0000000715c00000, 0x0000000715e00000, 0x0000000715e00000|100%|HS|  |TAMS 0x0000000715c00000, 0x0000000715c00000| Complete 
| 175|0x0000000715e00000, 0x0000000716000000, 0x0000000716000000|100%| O|  |TAMS 0x0000000715e00000, 0x0000000715e00000| Untracked 
| 176|0x0000000716000000, 0x0000000716200000, 0x0000000716200000|100%| O|  |TAMS 0x0000000716000000, 0x0000000716000000| Untracked 
| 177|0x0000000716200000, 0x0000000716400000, 0x0000000716400000|100%| O|  |TAMS 0x0000000716200000, 0x0000000716200000| Untracked 
| 178|0x0000000716400000, 0x0000000716600000, 0x0000000716600000|100%| O|  |TAMS 0x0000000716400000, 0x0000000716400000| Untracked 
| 179|0x0000000716600000, 0x0000000716800000, 0x0000000716800000|100%|HS|  |TAMS 0x0000000716600000, 0x0000000716600000| Complete 
| 180|0x0000000716800000, 0x0000000716a00000, 0x0000000716a00000|100%| O|  |TAMS 0x0000000716800000, 0x0000000716800000| Untracked 
| 181|0x0000000716a00000, 0x0000000716c00000, 0x0000000716c00000|100%| O|  |TAMS 0x0000000716a00000, 0x0000000716a00000| Untracked 
| 182|0x0000000716c00000, 0x0000000716e00000, 0x0000000716e00000|100%| O|  |TAMS 0x0000000716c00000, 0x0000000716c00000| Untracked 
| 183|0x0000000716e00000, 0x0000000717000000, 0x0000000717000000|100%| O|  |TAMS 0x0000000716e00000, 0x0000000716e00000| Untracked 
| 184|0x0000000717000000, 0x0000000717200000, 0x0000000717200000|100%| O|  |TAMS 0x0000000717000000, 0x0000000717000000| Untracked 
| 185|0x0000000717200000, 0x0000000717400000, 0x0000000717400000|100%| O|  |TAMS 0x0000000717200000, 0x0000000717200000| Untracked 
| 186|0x0000000717400000, 0x0000000717600000, 0x0000000717600000|100%| O|  |TAMS 0x0000000717400000, 0x0000000717400000| Untracked 
| 187|0x0000000717600000, 0x0000000717800000, 0x0000000717800000|100%| O|  |TAMS 0x0000000717600000, 0x0000000717600000| Untracked 
| 188|0x0000000717800000, 0x0000000717a00000, 0x0000000717a00000|100%| O|  |TAMS 0x0000000717800000, 0x0000000717800000| Untracked 
| 189|0x0000000717a00000, 0x0000000717c00000, 0x0000000717c00000|100%| O|  |TAMS 0x0000000717a00000, 0x0000000717a00000| Untracked 
| 190|0x0000000717c00000, 0x0000000717e00000, 0x0000000717e00000|100%| O|  |TAMS 0x0000000717c00000, 0x0000000717c00000| Untracked 
| 191|0x0000000717e00000, 0x0000000718000000, 0x0000000718000000|100%| O|  |TAMS 0x0000000717e00000, 0x0000000717e00000| Untracked 
| 192|0x0000000718000000, 0x0000000718200000, 0x0000000718200000|100%| O|  |TAMS 0x0000000718000000, 0x0000000718000000| Untracked 
| 193|0x0000000718200000, 0x0000000718200a00, 0x0000000718400000|  0%| O|  |TAMS 0x0000000718200000, 0x0000000718200000| Untracked 
| 194|0x0000000718400000, 0x0000000718400000, 0x0000000718600000|  0%| F|  |TAMS 0x0000000718400000, 0x0000000718400000| Untracked 
| 195|0x0000000718600000, 0x0000000718600000, 0x0000000718800000|  0%| F|  |TAMS 0x0000000718600000, 0x0000000718600000| Untracked 
| 196|0x0000000718800000, 0x0000000718800000, 0x0000000718a00000|  0%| F|  |TAMS 0x0000000718800000, 0x0000000718800000| Untracked 
| 197|0x0000000718a00000, 0x0000000718a00000, 0x0000000718c00000|  0%| F|  |TAMS 0x0000000718a00000, 0x0000000718a00000| Untracked 
| 198|0x0000000718c00000, 0x0000000718c00000, 0x0000000718e00000|  0%| F|  |TAMS 0x0000000718c00000, 0x0000000718c00000| Untracked 
| 199|0x0000000718e00000, 0x0000000718e00000, 0x0000000719000000|  0%| F|  |TAMS 0x0000000718e00000, 0x0000000718e00000| Untracked 
| 200|0x0000000719000000, 0x0000000719000000, 0x0000000719200000|  0%| F|  |TAMS 0x0000000719000000, 0x0000000719000000| Untracked 
| 201|0x0000000719200000, 0x0000000719200000, 0x0000000719400000|  0%| F|  |TAMS 0x0000000719200000, 0x0000000719200000| Untracked 
| 202|0x0000000719400000, 0x0000000719400000, 0x0000000719600000|  0%| F|  |TAMS 0x0000000719400000, 0x0000000719400000| Untracked 
| 203|0x0000000719600000, 0x0000000719600000, 0x0000000719800000|  0%| F|  |TAMS 0x0000000719600000, 0x0000000719600000| Untracked 
| 204|0x0000000719800000, 0x0000000719800000, 0x0000000719a00000|  0%| F|  |TAMS 0x0000000719800000, 0x0000000719800000| Untracked 
| 205|0x0000000719a00000, 0x0000000719a00000, 0x0000000719c00000|  0%| F|  |TAMS 0x0000000719a00000, 0x0000000719a00000| Untracked 
| 206|0x0000000719c00000, 0x0000000719c00000, 0x0000000719e00000|  0%| F|  |TAMS 0x0000000719c00000, 0x0000000719c00000| Untracked 
| 207|0x0000000719e00000, 0x0000000719e00000, 0x000000071a000000|  0%| F|  |TAMS 0x0000000719e00000, 0x0000000719e00000| Untracked 
| 208|0x000000071a000000, 0x000000071a000000, 0x000000071a200000|  0%| F|  |TAMS 0x000000071a000000, 0x000000071a000000| Untracked 
| 209|0x000000071a200000, 0x000000071a200000, 0x000000071a400000|  0%| F|  |TAMS 0x000000071a200000, 0x000000071a200000| Untracked 
| 210|0x000000071a400000, 0x000000071a400000, 0x000000071a600000|  0%| F|  |TAMS 0x000000071a400000, 0x000000071a400000| Untracked 
| 211|0x000000071a600000, 0x000000071a600000, 0x000000071a800000|  0%| F|  |TAMS 0x000000071a600000, 0x000000071a600000| Untracked 
| 212|0x000000071a800000, 0x000000071a800000, 0x000000071aa00000|  0%| F|  |TAMS 0x000000071a800000, 0x000000071a800000| Untracked 
| 213|0x000000071aa00000, 0x000000071aa00000, 0x000000071ac00000|  0%| F|  |TAMS 0x000000071aa00000, 0x000000071aa00000| Untracked 
| 214|0x000000071ac00000, 0x000000071ac00000, 0x000000071ae00000|  0%| F|  |TAMS 0x000000071ac00000, 0x000000071ac00000| Untracked 
| 215|0x000000071ae00000, 0x000000071ae00000, 0x000000071b000000|  0%| F|  |TAMS 0x000000071ae00000, 0x000000071ae00000| Untracked 
| 216|0x000000071b000000, 0x000000071b000000, 0x000000071b200000|  0%| F|  |TAMS 0x000000071b000000, 0x000000071b000000| Untracked 
| 217|0x000000071b200000, 0x000000071b200000, 0x000000071b400000|  0%| F|  |TAMS 0x000000071b200000, 0x000000071b200000| Untracked 
| 218|0x000000071b400000, 0x000000071b400000, 0x000000071b600000|  0%| F|  |TAMS 0x000000071b400000, 0x000000071b400000| Untracked 
| 219|0x000000071b600000, 0x000000071b600000, 0x000000071b800000|  0%| F|  |TAMS 0x000000071b600000, 0x000000071b600000| Untracked 
| 220|0x000000071b800000, 0x000000071b800000, 0x000000071ba00000|  0%| F|  |TAMS 0x000000071b800000, 0x000000071b800000| Untracked 
| 221|0x000000071ba00000, 0x000000071bbf8a30, 0x000000071bc00000| 98%| S|CS|TAMS 0x000000071ba00000, 0x000000071ba00000| Complete 
| 222|0x000000071bc00000, 0x000000071bc00000, 0x000000071be00000|  0%| F|  |TAMS 0x000000071bc00000, 0x000000071bc00000| Untracked 
| 223|0x000000071be00000, 0x000000071be00000, 0x000000071c000000|  0%| F|  |TAMS 0x000000071be00000, 0x000000071be00000| Untracked 
| 224|0x000000071c000000, 0x000000071c000000, 0x000000071c200000|  0%| F|  |TAMS 0x000000071c000000, 0x000000071c000000| Untracked 
| 225|0x000000071c200000, 0x000000071c200000, 0x000000071c400000|  0%| F|  |TAMS 0x000000071c200000, 0x000000071c200000| Untracked 
| 226|0x000000071c400000, 0x000000071c400000, 0x000000071c600000|  0%| F|  |TAMS 0x000000071c400000, 0x000000071c400000| Untracked 
| 227|0x000000071c600000, 0x000000071c600000, 0x000000071c800000|  0%| F|  |TAMS 0x000000071c600000, 0x000000071c600000| Untracked 
| 228|0x000000071c800000, 0x000000071c800000, 0x000000071ca00000|  0%| F|  |TAMS 0x000000071c800000, 0x000000071c800000| Untracked 
| 229|0x000000071ca00000, 0x000000071cb13060, 0x000000071cc00000| 53%| E|  |TAMS 0x000000071ca00000, 0x000000071ca00000| Complete 
| 230|0x000000071cc00000, 0x000000071ce00000, 0x000000071ce00000|100%| E|CS|TAMS 0x000000071cc00000, 0x000000071cc00000| Complete 
| 231|0x000000071ce00000, 0x000000071d000000, 0x000000071d000000|100%| E|CS|TAMS 0x000000071ce00000, 0x000000071ce00000| Complete 
| 232|0x000000071d000000, 0x000000071d200000, 0x000000071d200000|100%| E|CS|TAMS 0x000000071d000000, 0x000000071d000000| Complete 

Card table byte_map: [0x0000022c70ea0000,0x0000022c716a0000] _byte_map_base: 0x0000022c6d6a0000

Marking Bits (Prev, Next): (CMBitMap*) 0x0000022c5dd21350, (CMBitMap*) 0x0000022c5dd21390
 Prev Bits: [0x0000022c71ea0000, 0x0000022c75ea0000)
 Next Bits: [0x0000022c75ea0000, 0x0000022c79ea0000)

Polling page: 0x0000022c5bba0000

Metaspace:

Usage:
  Non-class:    130.04 MB used.
      Class:     15.51 MB used.
       Both:    145.55 MB used.

Virtual space:
  Non-class space:      136.00 MB reserved,     131.56 MB ( 97%) committed,  17 nodes.
      Class space:        1.00 GB reserved,      16.50 MB (  2%) committed,  1 nodes.
             Both:        1.13 GB reserved,     148.06 MB ( 13%) committed. 

Chunk freelists:
   Non-Class:  0 bytes
       Class:  3.53 MB
        Both:  3.53 MB

MaxMetaspaceSize: unlimited
CompressedClassSpaceSize: 1.00 GB
Initial GC threshold: 21.00 MB
Current GC threshold: 189.81 MB
CDS: off
MetaspaceReclaimPolicy: balanced
 - commit_granule_bytes: 65536.
 - commit_granule_words: 8192.
 - virtual_space_node_default_size: 1048576.
 - enlarge_chunks_in_place: 1.
 - new_chunks_are_fully_committed: 0.
 - uncommit_free_chunks: 1.
 - use_allocation_guard: 0.
 - handle_deallocations: 1.


Internal statistics:

num_allocs_failed_limit: 12.
num_arena_births: 2426.
num_arena_deaths: 132.
num_vsnodes_births: 18.
num_vsnodes_deaths: 0.
num_space_committed: 2376.
num_space_uncommitted: 7.
num_chunks_returned_to_freelist: 198.
num_chunks_taken_from_freelist: 8882.
num_chunk_merges: 82.
num_chunk_splits: 5765.
num_chunks_enlarged: 3628.
num_purges: 6.
num_inconsistent_stats: 0.

CodeHeap 'non-profiled nmethods': size=120000Kb used=27383Kb max_used=27383Kb free=92617Kb
 bounds [0x0000022c68e40000, 0x0000022c6a900000, 0x0000022c70370000]
CodeHeap 'profiled nmethods': size=120000Kb used=52732Kb max_used=52732Kb free=67267Kb
 bounds [0x0000022c61910000, 0x0000022c64c90000, 0x0000022c68e40000]
CodeHeap 'non-nmethods': size=5760Kb used=1504Kb max_used=1614Kb free=4255Kb
 bounds [0x0000022c61370000, 0x0000022c615e0000, 0x0000022c61910000]
 total_blobs=25003 nmethods=24223 adapters=690
 compilation: enabled
              stopped_count=0, restarted_count=0
 full_count=0

Compilation events (20 events):
Event: 385.060 Thread 0x0000022c7d460990 32400       3       com.onwbp.org.apache.cxf.jaxrs.impl.UriBuilderImpl::replaceQuery (30 bytes)
Event: 385.060 Thread 0x0000022c7d460990 nmethod 32400 0x0000022c64c87410 code [0x0000022c64c875c0, 0x0000022c64c87818]
Event: 385.060 Thread 0x0000022c7d460990 32401       3       com.onwbp.org.apache.cxf.jaxrs.model.ClassResourceInfo::contextsAvailable (27 bytes)
Event: 385.061 Thread 0x0000022c7d460990 nmethod 32401 0x0000022c64c87910 code [0x0000022c64c87aa0, 0x0000022c64c87d38]
Event: 385.061 Thread 0x0000022c7d460990 32398       3       com.onwbp.org.apache.cxf.jaxrs.impl.UriInfoImpl::getMatchedURIs (6 bytes)
Event: 385.061 Thread 0x0000022c7d460990 nmethod 32398 0x0000022c64c87e10 code [0x0000022c64c87fc0, 0x0000022c64c88128]
Event: 385.061 Thread 0x0000022c7d460990 32399       3       com.onwbp.org.apache.cxf.jaxrs.impl.UriInfoImpl::getMatchedURIs (320 bytes)
Event: 385.063 Thread 0x0000022c7d460990 nmethod 32399 0x0000022c64c88210 code [0x0000022c64c88740, 0x0000022c64c8b0f8]
Event: 388.716 Thread 0x0000022c7d460990 32402       3       java.util.BitSet::checkRange (104 bytes)
Event: 388.718 Thread 0x0000022c7d460990 nmethod 32402 0x0000022c64c8c110 code [0x0000022c64c8c4c0, 0x0000022c64c8d758]
Event: 391.054 Thread 0x0000022c7d452ab0 32403       4       com.onwbp.org.apache.cxf.jaxrs.utils.JAXRSUtils::getMatrixParams (38 bytes)
Event: 391.056 Thread 0x0000022c7d460990 32405       3       org.apache.coyote.Response::recycle (92 bytes)
Event: 391.057 Thread 0x0000022c7d460990 nmethod 32405 0x0000022c64c8de10 code [0x0000022c64c8e000, 0x0000022c64c8e5f8]
Event: 391.059 Thread 0x0000022c7d452ab0 nmethod 32403 0x0000022c6a8fd090 code [0x0000022c6a8fd220, 0x0000022c6a8fd568]
Event: 391.059 Thread 0x0000022c7d452ab0 32404       4       java.util.stream.ReduceOps$3::getOpFlags (28 bytes)
Event: 391.061 Thread 0x0000022c7d452ab0 nmethod 32404 0x0000022c6a8fd790 code [0x0000022c6a8fd920, 0x0000022c6a8fda58]
Event: 392.385 Thread 0x0000022c7d460990 32406       3       java.util.LinkedHashSet::spliterator (7 bytes)
Event: 392.385 Thread 0x0000022c7d460990 nmethod 32406 0x0000022c64c8e810 code [0x0000022c64c8e9c0, 0x0000022c64c8ec48]
Event: 394.282 Thread 0x0000022c7d460990 32407       3       sun.nio.ch.FileLockImpl::isValid (13 bytes)
Event: 394.282 Thread 0x0000022c7d460990 nmethod 32407 0x0000022c64c8ed90 code [0x0000022c64c8ef20, 0x0000022c64c8f098]

GC Heap History (20 events):
Event: 182.366 GC heap before
{Heap before GC invocations=134 (full 0):
 garbage-first heap   total 477184K, used 416065K [0x0000000700000000, 0x0000000800000000)
  region size 2048K, 19 young (38912K), 2 survivors (4096K)
 Metaspace       used 148852K, committed 151424K, reserved 1187840K
  class space    used 15876K, committed 16896K, reserved 1048576K
}
Event: 182.368 GC heap after
{Heap after GC invocations=135 (full 0):
 garbage-first heap   total 477184K, used 385103K [0x0000000700000000, 0x0000000800000000)
  region size 2048K, 2 young (4096K), 2 survivors (4096K)
 Metaspace       used 148852K, committed 151424K, reserved 1187840K
  class space    used 15876K, committed 16896K, reserved 1048576K
}
Event: 185.977 GC heap before
{Heap before GC invocations=135 (full 0):
 garbage-first heap   total 477184K, used 417871K [0x0000000700000000, 0x0000000800000000)
  region size 2048K, 19 young (38912K), 2 survivors (4096K)
 Metaspace       used 148856K, committed 151424K, reserved 1187840K
  class space    used 15876K, committed 16896K, reserved 1048576K
}
Event: 185.979 GC heap after
{Heap after GC invocations=136 (full 0):
 garbage-first heap   total 477184K, used 386632K [0x0000000700000000, 0x0000000800000000)
  region size 2048K, 2 young (4096K), 2 survivors (4096K)
 Metaspace       used 148856K, committed 151424K, reserved 1187840K
  class space    used 15876K, committed 16896K, reserved 1048576K
}
Event: 189.083 GC heap before
{Heap before GC invocations=136 (full 0):
 garbage-first heap   total 477184K, used 419400K [0x0000000700000000, 0x0000000800000000)
  region size 2048K, 19 young (38912K), 2 survivors (4096K)
 Metaspace       used 148856K, committed 151424K, reserved 1187840K
  class space    used 15876K, committed 16896K, reserved 1048576K
}
Event: 189.086 GC heap after
{Heap after GC invocations=137 (full 0):
 garbage-first heap   total 477184K, used 388325K [0x0000000700000000, 0x0000000800000000)
  region size 2048K, 2 young (4096K), 2 survivors (4096K)
 Metaspace       used 148856K, committed 151424K, reserved 1187840K
  class space    used 15876K, committed 16896K, reserved 1048576K
}
Event: 191.932 GC heap before
{Heap before GC invocations=137 (full 0):
 garbage-first heap   total 477184K, used 419045K [0x0000000700000000, 0x0000000800000000)
  region size 2048K, 18 young (36864K), 2 survivors (4096K)
 Metaspace       used 148856K, committed 151424K, reserved 1187840K
  class space    used 15876K, committed 16896K, reserved 1048576K
}
Event: 191.934 GC heap after
{Heap after GC invocations=138 (full 0):
 garbage-first heap   total 477184K, used 389783K [0x0000000700000000, 0x0000000800000000)
  region size 2048K, 2 young (4096K), 2 survivors (4096K)
 Metaspace       used 148856K, committed 151424K, reserved 1187840K
  class space    used 15876K, committed 16896K, reserved 1048576K
}
Event: 194.739 GC heap before
{Heap before GC invocations=138 (full 0):
 garbage-first heap   total 477184K, used 418455K [0x0000000700000000, 0x0000000800000000)
  region size 2048K, 17 young (34816K), 2 survivors (4096K)
 Metaspace       used 148857K, committed 151424K, reserved 1187840K
  class space    used 15876K, committed 16896K, reserved 1048576K
}
Event: 194.741 GC heap after
{Heap after GC invocations=139 (full 0):
 garbage-first heap   total 477184K, used 391208K [0x0000000700000000, 0x0000000800000000)
  region size 2048K, 2 young (4096K), 2 survivors (4096K)
 Metaspace       used 148857K, committed 151424K, reserved 1187840K
  class space    used 15876K, committed 16896K, reserved 1048576K
}
Event: 196.118 GC heap before
{Heap before GC invocations=139 (full 0):
 garbage-first heap   total 477184K, used 417832K [0x0000000700000000, 0x0000000800000000)
  region size 2048K, 16 young (32768K), 2 survivors (4096K)
 Metaspace       used 148876K, committed 151424K, reserved 1187840K
  class space    used 15876K, committed 16896K, reserved 1048576K
}
Event: 196.121 GC heap after
{Heap after GC invocations=140 (full 0):
 garbage-first heap   total 477184K, used 394973K [0x0000000700000000, 0x0000000800000000)
  region size 2048K, 2 young (4096K), 2 survivors (4096K)
 Metaspace       used 148876K, committed 151424K, reserved 1187840K
  class space    used 15876K, committed 16896K, reserved 1048576K
}
Event: 196.939 GC heap before
{Heap before GC invocations=140 (full 0):
 garbage-first heap   total 477184K, used 419549K [0x0000000700000000, 0x0000000800000000)
  region size 2048K, 14 young (28672K), 2 survivors (4096K)
 Metaspace       used 148876K, committed 151424K, reserved 1187840K
  class space    used 15876K, committed 16896K, reserved 1048576K
}
Event: 196.941 GC heap after
{Heap after GC invocations=141 (full 0):
 garbage-first heap   total 477184K, used 395300K [0x0000000700000000, 0x0000000800000000)
  region size 2048K, 1 young (2048K), 1 survivors (2048K)
 Metaspace       used 148876K, committed 151424K, reserved 1187840K
  class space    used 15876K, committed 16896K, reserved 1048576K
}
Event: 198.856 GC heap before
{Heap before GC invocations=141 (full 0):
 garbage-first heap   total 477184K, used 419876K [0x0000000700000000, 0x0000000800000000)
  region size 2048K, 13 young (26624K), 1 survivors (2048K)
 Metaspace       used 148877K, committed 151424K, reserved 1187840K
  class space    used 15876K, committed 16896K, reserved 1048576K
}
Event: 198.857 GC heap after
{Heap after GC invocations=142 (full 0):
 garbage-first heap   total 477184K, used 396630K [0x0000000700000000, 0x0000000800000000)
  region size 2048K, 1 young (2048K), 1 survivors (2048K)
 Metaspace       used 148877K, committed 151424K, reserved 1187840K
  class space    used 15876K, committed 16896K, reserved 1048576K
}
Event: 200.959 GC heap before
{Heap before GC invocations=142 (full 0):
 garbage-first heap   total 477184K, used 421206K [0x0000000700000000, 0x0000000800000000)
  region size 2048K, 13 young (26624K), 1 survivors (2048K)
 Metaspace       used 148877K, committed 151424K, reserved 1187840K
  class space    used 15876K, committed 16896K, reserved 1048576K
}
Event: 200.961 GC heap after
{Heap after GC invocations=143 (full 0):
 garbage-first heap   total 477184K, used 396969K [0x0000000700000000, 0x0000000800000000)
  region size 2048K, 2 young (4096K), 2 survivors (4096K)
 Metaspace       used 148877K, committed 151424K, reserved 1187840K
  class space    used 15876K, committed 16896K, reserved 1048576K
}
Event: 360.531 GC heap before
{Heap before GC invocations=143 (full 0):
 garbage-first heap   total 477184K, used 419497K [0x0000000700000000, 0x0000000800000000)
  region size 2048K, 13 young (26624K), 2 survivors (4096K)
 Metaspace       used 148998K, committed 151616K, reserved 1187840K
  class space    used 15876K, committed 16896K, reserved 1048576K
}
Event: 360.532 GC heap after
{Heap after GC invocations=144 (full 0):
 garbage-first heap   total 477184K, used 397285K [0x0000000700000000, 0x0000000800000000)
  region size 2048K, 1 young (2048K), 1 survivors (2048K)
 Metaspace       used 148998K, committed 151616K, reserved 1187840K
  class space    used 15876K, committed 16896K, reserved 1048576K
}

Deoptimization events (20 events):
Event: 394.279 Thread 0x0000022c0375a480 DEOPT PACKING pc=0x0000022c63f57b7c sp=0x0000004aa64feea0
Event: 394.279 Thread 0x0000022c0375a480 DEOPT UNPACKING pc=0x0000022c613c6763 sp=0x0000004aa64fe318 mode 1
Event: 394.280 Thread 0x0000022c0375a480 DEOPT PACKING pc=0x0000022c6334e964 sp=0x0000004aa64fef30
Event: 394.280 Thread 0x0000022c0375a480 DEOPT UNPACKING pc=0x0000022c613c6763 sp=0x0000004aa64fe378 mode 1
Event: 394.282 Thread 0x0000022c0375a480 Uncommon trap: trap_request=0xffffff97 fr.pc=0x0000022c69c08214 relative=0x0000000000000174
Event: 394.282 Thread 0x0000022c0375a480 Uncommon trap: reason=unhandled action=none pc=0x0000022c69c08214 method=com.onwbp.org.apache.lucene.index.IndexWriter.ensureOpen(Z)V @ 38 c2
Event: 394.282 Thread 0x0000022c0375a480 DEOPT PACKING pc=0x0000022c69c08214 sp=0x0000004aa64fee50
Event: 394.282 Thread 0x0000022c0375a480 DEOPT UNPACKING pc=0x0000022c613c5c23 sp=0x0000004aa64fee00 mode 2
Event: 394.282 Thread 0x0000022c0375a480 DEOPT PACKING pc=0x0000022c63f57b7c sp=0x0000004aa64feea0
Event: 394.282 Thread 0x0000022c0375a480 DEOPT UNPACKING pc=0x0000022c613c6763 sp=0x0000004aa64fe318 mode 1
Event: 394.282 Thread 0x0000022c0375a480 DEOPT PACKING pc=0x0000022c6334e964 sp=0x0000004aa64fef30
Event: 394.282 Thread 0x0000022c0375a480 DEOPT UNPACKING pc=0x0000022c613c6763 sp=0x0000004aa64fe378 mode 1
Event: 394.282 Thread 0x0000022c0375a480 Uncommon trap: trap_request=0xffffff97 fr.pc=0x0000022c69c08214 relative=0x0000000000000174
Event: 394.282 Thread 0x0000022c0375a480 Uncommon trap: reason=unhandled action=none pc=0x0000022c69c08214 method=com.onwbp.org.apache.lucene.index.IndexWriter.ensureOpen(Z)V @ 38 c2
Event: 394.282 Thread 0x0000022c0375a480 DEOPT PACKING pc=0x0000022c69c08214 sp=0x0000004aa64fee50
Event: 394.282 Thread 0x0000022c0375a480 DEOPT UNPACKING pc=0x0000022c613c5c23 sp=0x0000004aa64fee00 mode 2
Event: 394.282 Thread 0x0000022c0375a480 DEOPT PACKING pc=0x0000022c63f57b7c sp=0x0000004aa64feea0
Event: 394.282 Thread 0x0000022c0375a480 DEOPT UNPACKING pc=0x0000022c613c6763 sp=0x0000004aa64fe318 mode 1
Event: 394.282 Thread 0x0000022c0375a480 DEOPT PACKING pc=0x0000022c6334e964 sp=0x0000004aa64fef30
Event: 394.282 Thread 0x0000022c0375a480 DEOPT UNPACKING pc=0x0000022c613c6763 sp=0x0000004aa64fe378 mode 1

Classes unloaded (20 events):
Event: 33.886 Thread 0x0000022c7c93d740 Unloading class 0x0000000800761800 'jdk/proxy262/$Proxy322'
Event: 33.886 Thread 0x0000022c7c93d740 Unloading class 0x0000000800761000 'jdk/proxy261/$Proxy321'
Event: 33.886 Thread 0x0000022c7c93d740 Unloading class 0x0000000800760800 'jdk/proxy260/$Proxy320'
Event: 33.886 Thread 0x0000022c7c93d740 Unloading class 0x0000000800760000 'jdk/proxy259/$Proxy319'
Event: 33.886 Thread 0x0000022c7c93d740 Unloading class 0x000000080075f800 'jdk/proxy258/$Proxy318'
Event: 33.886 Thread 0x0000022c7c93d740 Unloading class 0x000000080075f000 'jdk/proxy257/$Proxy317'
Event: 50.321 Thread 0x0000022c7c93d740 Unloading class 0x0000000800b42000 'GeneratedMetadataHandler_RowCount'
Event: 50.321 Thread 0x0000022c7c93d740 Unloading class 0x0000000800b41800 'GeneratedMetadataHandler_NonCumulativeCost'
Event: 50.321 Thread 0x0000022c7c93d740 Unloading class 0x0000000800b41000 'GeneratedMetadataHandler_NonCumulativeCost'
Event: 50.321 Thread 0x0000022c7c93d740 Unloading class 0x0000000800b40800 'GeneratedMetadataHandler_RowCount'
Event: 50.321 Thread 0x0000022c7c93d740 Unloading class 0x0000000800b40000 'GeneratedMetadataHandler_NonCumulativeCost'
Event: 50.321 Thread 0x0000022c7c93d740 Unloading class 0x0000000800b32800 'GeneratedMetadataHandler_Collation'
Event: 50.321 Thread 0x0000022c7c93d740 Unloading class 0x0000000800765000 'GeneratedMetadataHandler_NonCumulativeCost'
Event: 50.321 Thread 0x0000022c7c93d740 Unloading class 0x0000000800b32000 'GeneratedMetadataHandler_Collation'
Event: 50.321 Thread 0x0000022c7c93d740 Unloading class 0x0000000800b31800 'GeneratedMetadataHandler_NonCumulativeCost'
Event: 50.321 Thread 0x0000022c7c93d740 Unloading class 0x0000000800b31000 'GeneratedMetadataHandler_CumulativeCost'
Event: 50.321 Thread 0x0000022c7c93d740 Unloading class 0x0000000800b30800 'GeneratedMetadataHandler_RowCount'
Event: 50.321 Thread 0x0000022c7c93d740 Unloading class 0x0000000800b30000 'GeneratedMetadataHandler_ExplainVisibility'
Event: 50.321 Thread 0x0000022c7c93d740 Unloading class 0x0000000800b20800 'GeneratedMetadataHandler_Collation'
Event: 50.321 Thread 0x0000022c7c93d740 Unloading class 0x0000000800b08000 'GeneratedMetadataHandler_Collation'

Classes redefined (4 events):
Event: 151.016 Thread 0x0000022c7c93d740 redefined class name=com.cust.mdm.assignment.CountRecordService, count=1
Event: 209.475 Thread 0x0000022c7c93d740 redefined class name=com.cust.mdm.assignment.CountRecordService, count=2
Event: 356.601 Thread 0x0000022c7c93d740 redefined class name=com.cust.mdm.assignment.CountRecordService, count=3
Event: 394.174 Thread 0x0000022c7c93d740 redefined class name=com.cust.mdm.assignment.CountRecordService, count=4

Internal exceptions (20 events):
Event: 200.951 Thread 0x0000022c0375b2f0 Exception <a 'sun/nio/fs/WindowsException'{0x000000071bbf4bf8}> (0x000000071bbf4bf8) 
thrown [e:\jenkins\tmp\workspace\build\src\src\hotspot\share\prims\jni.cpp, line 516]
Event: 200.951 Thread 0x0000022c0375b2f0 Exception <a 'sun/nio/fs/WindowsException'{0x000000071bbf50d8}> (0x000000071bbf50d8) 
thrown [e:\jenkins\tmp\workspace\build\src\src\hotspot\share\prims\jni.cpp, line 516]
Event: 200.952 Thread 0x0000022c0375b2f0 Exception <a 'sun/nio/fs/WindowsException'{0x000000071bbf62d8}> (0x000000071bbf62d8) 
thrown [e:\jenkins\tmp\workspace\build\src\src\hotspot\share\prims\jni.cpp, line 516]
Event: 200.952 Thread 0x0000022c0375b2f0 Exception <a 'sun/nio/fs/WindowsException'{0x000000071bbf67b8}> (0x000000071bbf67b8) 
thrown [e:\jenkins\tmp\workspace\build\src\src\hotspot\share\prims\jni.cpp, line 516]
Event: 200.952 Thread 0x0000022c0375b2f0 Exception <a 'sun/nio/fs/WindowsException'{0x000000071bbf6c98}> (0x000000071bbf6c98) 
thrown [e:\jenkins\tmp\workspace\build\src\src\hotspot\share\prims\jni.cpp, line 516]
Event: 200.952 Thread 0x0000022c0375b2f0 Exception <a 'sun/nio/fs/WindowsException'{0x000000071bbf7178}> (0x000000071bbf7178) 
thrown [e:\jenkins\tmp\workspace\build\src\src\hotspot\share\prims\jni.cpp, line 516]
Event: 200.953 Thread 0x0000022c0375b2f0 Exception <a 'sun/nio/fs/WindowsException'{0x000000071bbf7658}> (0x000000071bbf7658) 
thrown [e:\jenkins\tmp\workspace\build\src\src\hotspot\share\prims\jni.cpp, line 516]
Event: 200.953 Thread 0x0000022c0375b2f0 Exception <a 'sun/nio/fs/WindowsException'{0x000000071bbf7b38}> (0x000000071bbf7b38) 
thrown [e:\jenkins\tmp\workspace\build\src\src\hotspot\share\prims\jni.cpp, line 516]
Event: 200.953 Thread 0x0000022c0375b2f0 Exception <a 'sun/nio/fs/WindowsException'{0x000000071bbf8018}> (0x000000071bbf8018) 
thrown [e:\jenkins\tmp\workspace\build\src\src\hotspot\share\prims\jni.cpp, line 516]
Event: 200.954 Thread 0x0000022c0375b2f0 Exception <a 'sun/nio/fs/WindowsException'{0x000000071bbf84f8}> (0x000000071bbf84f8) 
thrown [e:\jenkins\tmp\workspace\build\src\src\hotspot\share\prims\jni.cpp, line 516]
Event: 200.954 Thread 0x0000022c0375b2f0 Exception <a 'sun/nio/fs/WindowsException'{0x000000071bbf89d8}> (0x000000071bbf89d8) 
thrown [e:\jenkins\tmp\workspace\build\src\src\hotspot\share\prims\jni.cpp, line 516]
Event: 200.954 Thread 0x0000022c0375b2f0 Exception <a 'sun/nio/fs/WindowsException'{0x000000071bbf8eb8}> (0x000000071bbf8eb8) 
thrown [e:\jenkins\tmp\workspace\build\src\src\hotspot\share\prims\jni.cpp, line 516]
Event: 200.954 Thread 0x0000022c0375b2f0 Exception <a 'sun/nio/fs/WindowsException'{0x000000071bbf9398}> (0x000000071bbf9398) 
thrown [e:\jenkins\tmp\workspace\build\src\src\hotspot\share\prims\jni.cpp, line 516]
Event: 200.955 Thread 0x0000022c0375b2f0 Exception <a 'sun/nio/fs/WindowsException'{0x000000071bbf9878}> (0x000000071bbf9878) 
thrown [e:\jenkins\tmp\workspace\build\src\src\hotspot\share\prims\jni.cpp, line 516]
Event: 200.955 Thread 0x0000022c0375b2f0 Exception <a 'sun/nio/fs/WindowsException'{0x000000071bbf9d58}> (0x000000071bbf9d58) 
thrown [e:\jenkins\tmp\workspace\build\src\src\hotspot\share\prims\jni.cpp, line 516]
Event: 200.955 Thread 0x0000022c0375b2f0 Exception <a 'sun/nio/fs/WindowsException'{0x000000071bbfa238}> (0x000000071bbfa238) 
thrown [e:\jenkins\tmp\workspace\build\src\src\hotspot\share\prims\jni.cpp, line 516]
Event: 200.958 Thread 0x0000022c0375b2f0 Exception <a 'sun/nio/fs/WindowsException'{0x000000071bbfd070}> (0x000000071bbfd070) 
thrown [e:\jenkins\tmp\workspace\build\src\src\hotspot\share\prims\jni.cpp, line 516]
Event: 200.968 Thread 0x0000022c0375b2f0 Exception <a 'sun/nio/fs/WindowsException'{0x000000071d002388}> (0x000000071d002388) 
thrown [e:\jenkins\tmp\workspace\build\src\src\hotspot\share\prims\jni.cpp, line 516]
Event: 200.970 Thread 0x0000022c0375b2f0 Exception <a 'sun/nio/fs/WindowsException'{0x000000071d003630}> (0x000000071d003630) 
thrown [e:\jenkins\tmp\workspace\build\src\src\hotspot\share\prims\jni.cpp, line 516]
Event: 332.054 Thread 0x0000022c0375a480 Implicit null exception at 0x0000022c6a857c0f to 0x0000022c6a8583c0

VM Operations (20 events):
Event: 360.531 Executing VM operation: G1CollectForAllocation
Event: 360.532 Executing VM operation: G1CollectForAllocation done
Event: 361.533 Executing VM operation: Cleanup
Event: 361.533 Executing VM operation: Cleanup done
Event: 363.534 Executing VM operation: Cleanup
Event: 363.534 Executing VM operation: Cleanup done
Event: 364.534 Executing VM operation: Cleanup
Event: 364.535 Executing VM operation: Cleanup done
Event: 366.536 Executing VM operation: Cleanup
Event: 366.536 Executing VM operation: Cleanup done
Event: 370.537 Executing VM operation: Cleanup
Event: 370.537 Executing VM operation: Cleanup done
Event: 372.538 Executing VM operation: Cleanup
Event: 372.538 Executing VM operation: Cleanup done
Event: 383.542 Executing VM operation: Cleanup
Event: 383.542 Executing VM operation: Cleanup done
Event: 394.124 Executing VM operation: RedefineClasses
Event: 394.234 Executing VM operation: RedefineClasses done
Event: 394.249 Executing VM operation: ChangeBreakpoints
Event: 394.254 Executing VM operation: ChangeBreakpoints done

Events (20 events):
Event: 190.414 Thread 0x0000022c7d46aea0 flushing nmethod 0x0000022c69b04b90
Event: 190.416 Thread 0x0000022c7d46aea0 flushing nmethod 0x0000022c69e50390
Event: 190.420 Thread 0x0000022c7d46aea0 flushing nmethod 0x0000022c61afe390
Event: 190.428 Thread 0x0000022c7d46aea0 flushing nmethod 0x0000022c62eeed10
Event: 190.431 Thread 0x0000022c7d46aea0 flushing nmethod 0x0000022c636b5490
Event: 196.575 Thread 0x0000022c06653870 Thread added: 0x0000022c06653870
Event: 196.829 Thread 0x0000022c03759ae0 Thread exited: 0x0000022c03759ae0
Event: 197.661 Thread 0x0000022c06653870 Thread exited: 0x0000022c06653870
Event: 201.023 Thread 0x0000022c0375b2f0 Thread exited: 0x0000022c0375b2f0
Event: 219.056 Thread 0x0000022c0698c6e0 Thread exited: 0x0000022c0698c6e0
Event: 219.461 Thread 0x0000022c0698b3a0 Thread exited: 0x0000022c0698b3a0
Event: 219.474 Thread 0x0000022c06990a40 Thread exited: 0x0000022c06990a40
Event: 219.475 Thread 0x0000022c069918b0 Thread exited: 0x0000022c069918b0
Event: 219.483 Thread 0x0000022c0375ae20 Thread exited: 0x0000022c0375ae20
Event: 219.503 Thread 0x0000022c038e0680 Thread exited: 0x0000022c038e0680
Event: 222.231 Thread 0x0000022c0375b7c0 Thread exited: 0x0000022c0375b7c0
Event: 222.564 Thread 0x0000022c0375fff0 Thread exited: 0x0000022c0375fff0
Event: 227.470 Thread 0x0000022c038df810 Thread exited: 0x0000022c038df810
Event: 227.581 Thread 0x0000022c0698f230 Thread exited: 0x0000022c0698f230
Event: 282.747 Thread 0x0000022c01f10ed0 Thread exited: 0x0000022c01f10ed0


Dynamic libraries:
0x00007ff6fa330000 - 0x00007ff6fa33e000 	C:\Users\swakde\.p2\pool\plugins\org.eclipse.justj.openjdk.hotspot.jre.full.win32.x86_64_17.0.3.v20220515-1416\jre\bin\javaw.exe
0x00007ffb8da90000 - 0x00007ffb8dc88000 	C:\Windows\SYSTEM32\ntdll.dll
0x00007ffb8bfb0000 - 0x00007ffb8c06d000 	C:\Windows\System32\KERNEL32.DLL
0x00007ffb8b4d0000 - 0x00007ffb8b79e000 	C:\Windows\System32\KERNELBASE.dll
0x00007ffb8b3d0000 - 0x00007ffb8b4d0000 	C:\Windows\System32\ucrtbase.dll
0x00007ffb81dd0000 - 0x00007ffb81de8000 	C:\Users\swakde\.p2\pool\plugins\org.eclipse.justj.openjdk.hotspot.jre.full.win32.x86_64_17.0.3.v20220515-1416\jre\bin\jli.dll
0x00007ffb8cf20000 - 0x00007ffb8d0c0000 	C:\Windows\System32\USER32.dll
0x00007ffb75400000 - 0x00007ffb7569a000 	C:\Windows\WinSxS\amd64_microsoft.windows.common-controls_6595b64144ccf1df_6.0.19041.1110_none_60b5254171f9507e\COMCTL32.dll
0x00007ffb8b1b0000 - 0x00007ffb8b1d2000 	C:\Windows\System32\win32u.dll
0x00007ffb8d3c0000 - 0x00007ffb8d45e000 	C:\Windows\System32\msvcrt.dll
0x00007ffb8d460000 - 0x00007ffb8d48a000 	C:\Windows\System32\GDI32.dll
0x00007ffb8b1e0000 - 0x00007ffb8b2eb000 	C:\Windows\System32\gdi32full.dll
0x00007ffb8b830000 - 0x00007ffb8b8cd000 	C:\Windows\System32\msvcp_win.dll
0x00007ffb7c1e0000 - 0x00007ffb7c1f9000 	C:\Users\swakde\.p2\pool\plugins\org.eclipse.justj.openjdk.hotspot.jre.full.win32.x86_64_17.0.3.v20220515-1416\jre\bin\VCRUNTIME140.dll
0x00007ffb8d390000 - 0x00007ffb8d3c0000 	C:\Windows\System32\IMM32.DLL
0x00007ffb83c20000 - 0x00007ffb83c2c000 	C:\Users\swakde\.p2\pool\plugins\org.eclipse.justj.openjdk.hotspot.jre.full.win32.x86_64_17.0.3.v20220515-1416\jre\bin\vcruntime140_1.dll
0x00007ffb4fa90000 - 0x00007ffb4fb21000 	C:\Users\swakde\.p2\pool\plugins\org.eclipse.justj.openjdk.hotspot.jre.full.win32.x86_64_17.0.3.v20220515-1416\jre\bin\msvcp140.dll
0x00007ffb36b10000 - 0x00007ffb37758000 	C:\Users\swakde\.p2\pool\plugins\org.eclipse.justj.openjdk.hotspot.jre.full.win32.x86_64_17.0.3.v20220515-1416\jre\bin\server\jvm.dll
0x00007ffb8cbf0000 - 0x00007ffb8cc9e000 	C:\Windows\System32\ADVAPI32.dll
0x00007ffb8c070000 - 0x00007ffb8c10c000 	C:\Windows\System32\sechost.dll
0x00007ffb8d4a0000 - 0x00007ffb8d5c5000 	C:\Windows\System32\RPCRT4.dll
0x00007ffb8d490000 - 0x00007ffb8d498000 	C:\Windows\System32\PSAPI.DLL
0x00007ffb6e510000 - 0x00007ffb6e519000 	C:\Windows\SYSTEM32\WSOCK32.dll
0x00007ffb6f290000 - 0x00007ffb6f2b7000 	C:\Windows\SYSTEM32\WINMM.dll
0x00007ffb7d510000 - 0x00007ffb7d51a000 	C:\Windows\SYSTEM32\VERSION.dll
0x00007ffb8cd00000 - 0x00007ffb8cd6b000 	C:\Windows\System32\WS2_32.dll
0x00007ffb89920000 - 0x00007ffb89932000 	C:\Windows\SYSTEM32\kernel.appcore.dll
0x00007ffb81e10000 - 0x00007ffb81e1a000 	C:\Users\swakde\.p2\pool\plugins\org.eclipse.justj.openjdk.hotspot.jre.full.win32.x86_64_17.0.3.v20220515-1416\jre\bin\jimage.dll
0x00007ffb88eb0000 - 0x00007ffb89094000 	C:\Windows\SYSTEM32\DBGHELP.DLL
0x00007ffb62e50000 - 0x00007ffb62e7c000 	C:\Windows\SYSTEM32\dbgcore.DLL
0x00007ffb8b7a0000 - 0x00007ffb8b822000 	C:\Windows\System32\bcryptPrimitives.dll
0x00007ffb7aea0000 - 0x00007ffb7aedb000 	C:\Users\swakde\.p2\pool\plugins\org.eclipse.justj.openjdk.hotspot.jre.full.win32.x86_64_17.0.3.v20220515-1416\jre\bin\jdwp.dll
0x00007ffb83350000 - 0x00007ffb8335e000 	C:\Users\swakde\.p2\pool\plugins\org.eclipse.justj.openjdk.hotspot.jre.full.win32.x86_64_17.0.3.v20220515-1416\jre\bin\instrument.dll
0x00007ffb75750000 - 0x00007ffb75775000 	C:\Users\swakde\.p2\pool\plugins\org.eclipse.justj.openjdk.hotspot.jre.full.win32.x86_64_17.0.3.v20220515-1416\jre\bin\java.dll
0x00007ffb81df0000 - 0x00007ffb81e08000 	C:\Users\swakde\.p2\pool\plugins\org.eclipse.justj.openjdk.hotspot.jre.full.win32.x86_64_17.0.3.v20220515-1416\jre\bin\zip.dll
0x00007ffb8c1f0000 - 0x00007ffb8c934000 	C:\Windows\System32\SHELL32.dll
0x00007ffb890a0000 - 0x00007ffb89834000 	C:\Windows\SYSTEM32\windows.storage.dll
0x00007ffb8bba0000 - 0x00007ffb8bef4000 	C:\Windows\System32\combase.dll
0x00007ffb8ac10000 - 0x00007ffb8ac40000 	C:\Windows\SYSTEM32\Wldp.dll
0x00007ffb8baf0000 - 0x00007ffb8bb9d000 	C:\Windows\System32\SHCORE.dll
0x00007ffb8c190000 - 0x00007ffb8c1e5000 	C:\Windows\System32\shlwapi.dll
0x00007ffb8b0f0000 - 0x00007ffb8b10f000 	C:\Windows\SYSTEM32\profapi.dll
0x00007ffb832f0000 - 0x00007ffb832fc000 	C:\Users\swakde\.p2\pool\plugins\org.eclipse.justj.openjdk.hotspot.jre.full.win32.x86_64_17.0.3.v20220515-1416\jre\bin\dt_socket.dll
0x00007ffb8a610000 - 0x00007ffb8a64b000 	C:\Windows\SYSTEM32\IPHLPAPI.DLL
0x00007ffb8a970000 - 0x00007ffb8a9da000 	C:\Windows\system32\mswsock.dll
0x00007ffb8a650000 - 0x00007ffb8a71a000 	C:\Windows\SYSTEM32\DNSAPI.dll
0x00007ffb8d5d0000 - 0x00007ffb8d5d8000 	C:\Windows\System32\NSI.dll
0x00007ffb81d90000 - 0x00007ffb81d9a000 	C:\Windows\System32\rasadhlp.dll
0x00007ffb7c700000 - 0x00007ffb7c780000 	C:\Windows\System32\fwpuclnt.dll
0x00007ffb8b2f0000 - 0x00007ffb8b317000 	C:\Windows\System32\bcrypt.dll
0x00007ffb75890000 - 0x00007ffb758a9000 	C:\Users\swakde\.p2\pool\plugins\org.eclipse.justj.openjdk.hotspot.jre.full.win32.x86_64_17.0.3.v20220515-1416\jre\bin\net.dll
0x00007ffb8a200000 - 0x00007ffb8a30a000 	C:\Windows\SYSTEM32\WINHTTP.dll
0x00007ffb747f0000 - 0x00007ffb74805000 	C:\Users\swakde\.p2\pool\plugins\org.eclipse.justj.openjdk.hotspot.jre.full.win32.x86_64_17.0.3.v20220515-1416\jre\bin\nio.dll
0x00007ffb81dc0000 - 0x00007ffb81dd0000 	C:\Users\swakde\.p2\pool\plugins\org.eclipse.justj.openjdk.hotspot.jre.full.win32.x86_64_17.0.3.v20220515-1416\jre\bin\verify.dll
0x00007ffb7f170000 - 0x00007ffb7f179000 	C:\Users\swakde\.p2\pool\plugins\org.eclipse.justj.openjdk.hotspot.jre.full.win32.x86_64_17.0.3.v20220515-1416\jre\bin\management.dll
0x00007ffb7f160000 - 0x00007ffb7f16b000 	C:\Users\swakde\.p2\pool\plugins\org.eclipse.justj.openjdk.hotspot.jre.full.win32.x86_64_17.0.3.v20220515-1416\jre\bin\management_ext.dll
0x00007ffb81800000 - 0x00007ffb8180e000 	C:\Users\swakde\.p2\pool\plugins\org.eclipse.justj.openjdk.hotspot.jre.full.win32.x86_64_17.0.3.v20220515-1416\jre\bin\sunmscapi.dll
0x00007ffb8b940000 - 0x00007ffb8ba96000 	C:\Windows\System32\CRYPT32.dll
0x00007ffb8ac80000 - 0x00007ffb8aca7000 	C:\Windows\SYSTEM32\ncrypt.dll
0x00007ffb8ac40000 - 0x00007ffb8ac7b000 	C:\Windows\SYSTEM32\NTASN1.dll
0x00007ffb7f030000 - 0x00007ffb7f037000 	C:\Windows\system32\wshunix.dll
0x00007ffb8ab60000 - 0x00007ffb8ab78000 	C:\Windows\SYSTEM32\CRYPTSP.dll
0x00007ffb8a170000 - 0x00007ffb8a1a4000 	C:\Windows\system32\rsaenh.dll
0x00007ffb8b070000 - 0x00007ffb8b09e000 	C:\Windows\SYSTEM32\USERENV.dll
0x00007ffb8ab80000 - 0x00007ffb8ab8c000 	C:\Windows\SYSTEM32\CRYPTBASE.dll
0x00007ffb81050000 - 0x00007ffb81067000 	C:\Windows\SYSTEM32\dhcpcsvc6.DLL
0x00007ffb80f80000 - 0x00007ffb80f9d000 	C:\Windows\SYSTEM32\dhcpcsvc.DLL
0x00007ffb632c0000 - 0x00007ffb632d7000 	C:\Windows\system32\napinsp.dll
0x00007ffb63200000 - 0x00007ffb6321b000 	C:\Windows\system32\pnrpnsp.dll
0x00007ffb83800000 - 0x00007ffb83815000 	C:\Windows\system32\wshbth.dll
0x00007ffb83290000 - 0x00007ffb832ad000 	C:\Windows\system32\NLAapi.dll
0x00007ffb62fb0000 - 0x00007ffb62fc2000 	C:\Windows\System32\winrnr.dll
0x0000000066f40000 - 0x0000000066fc3000 	C:\Users\swakde\AppData\Local\Temp\liblz4-java-7546387168711877898.so

dbghelp: loaded successfully - version: 4.0.5 - missing functions: none
symbol engine: initialized successfully - sym options: 0x614 - pdb path: .;C:\Users\swakde\.p2\pool\plugins\org.eclipse.justj.openjdk.hotspot.jre.full.win32.x86_64_17.0.3.v20220515-1416\jre\bin;C:\Windows\SYSTEM32;C:\Windows\WinSxS\amd64_microsoft.windows.common-controls_6595b64144ccf1df_6.0.19041.1110_none_60b5254171f9507e;C:\Users\swakde\.p2\pool\plugins\org.eclipse.justj.openjdk.hotspot.jre.full.win32.x86_64_17.0.3.v20220515-1416\jre\bin\server;C:\Users\swakde\AppData\Local\Temp

VM Arguments:
jvm_args: -XX:+ShowCodeDetailsInExceptionMessages -agentlib:jdwp=transport=dt_socket,suspend=y,address=localhost:60772 -Debx.properties=../EBX Home/ebx.properties -Debx.home=../EBX Home -Ddev.artifacts.properties=../cust-mdm/properties/local/dev-artifacts.properties -Dclean.workflows.properties.folder=../cust-mdm/properties/local -Dcatalina.home=../Tomcat/apache-tomcat -Dcatalina.base=../EBX Server -Xmx4096M -Xms126M -XX:+UseG1GC -javaagent:C:\Users\swakde\eclipse\java-2022-06\eclipse\configuration\org.eclipse.osgi\215\0\.cp\lib\javaagent-shaded.jar -Dfile.encoding=UTF-8 
java_command: org.apache.catalina.startup.Bootstrap start
java_class_path (initial): C:\Employee\employeeworkspace\EBX Server\shared\lib\commons-text-1.9.jar;C:\Employee\employeeworkspace\EBX Server\shared\lib\xml-apis-1.4.01.jar;C:\Employee\employeeworkspace\EBX Server;C:\Employee\employeeworkspace\EBX Server\shared\lib\commons-cli-1.4.jar;C:\Employee\employeeworkspace\EBX Server\shared\lib\commons-codec-1.14.jar;C:\Employee\employeeworkspace\EBX Server\shared\lib\httpclient-4.5.10.jar;C:\Employee\employeeworkspace\EBX Server\shared\lib\httpcore-4.4.12.jar;C:\Employee\employeeworkspace\Tomcat\apache-tomcat\bin\tomcat-juli.jar;C:\Employee\employeeworkspace\Tomcat\apache-tomcat\bin\bootstrap.jar;C:\Employee\employeeworkspace\Tomcat\apache-tomcat\lib\jsp-api.jar;C:\Employee\employeeworkspace\Tomcat\apache-tomcat\lib\servlet-api.jar;C:\Employee\employeeworkspace\ps-mdm\bin;C:\Employee\employeeworkspace\EBX Server\shared\lib\commons-collections4-4.4.jar;C:\Employee\employeeworkspace\EBX Server\shared\lib\commons-compress-1.19.jar;C:\Employee\employeeworkspace\EBX Server\shared\lib\ebx.jar;C:\Employee\employeeworkspace\EBX Server\shared\lib\ebx-addons.jar;C:\Employee\employeeworkspace\EBX Server\shared\lib\javax.mail.jar;C:\Employee\employeeworkspace\EBX Server\shared\lib\activation.jar;C:\Employee\employeeworkspace\EBX Server\shared\lib\dom4j-2.1.1.jar;C:\Employee\employeeworkspace\EBX Server\shared\lib\h2-1.4.196.jar;C:\Employee\employeeworkspace\EBX Server\shared\lib\log4j-1.2.8.jar;C:\Employee\employeeworkspace\EBX Server\shared\lib\poi-4.1.1.jar;C:\Employee\employeeworkspace\EBX Server\shared\lib\poi-ooxml-4.1.1.jar;C:\Employee\employeeworkspace\EBX Server\shared\lib\poi-ooxml-schemas-4.1.1.jar;C:\Employee\employeeworkspace\EBX Server\shared\lib\xmlbeans-3.1.0.jar;C:\Employee\employeeworkspace\EBX Server\shared\lib\commons-exec-1.3.jar;C:\Employee\employeeworkspace\EBX Server\shared\lib\commons-lang3-3.3.2.jar;C:\Employee\employeeworkspace\EBX Server\shared\lib\commons-logging.jar;C:\Employee\employeeworkspace\EBX Server
Launcher Type: SUN_STANDARD

[Global flags]
     intx CICompilerCount                          = 4                                         {product} {ergonomic}
     uint ConcGCThreads                            = 2                                         {product} {ergonomic}
     uint G1ConcRefinementThreads                  = 8                                         {product} {ergonomic}
   size_t G1HeapRegionSize                         = 2097152                                   {product} {ergonomic}
    uintx GCDrainStackTargetSize                   = 64                                        {product} {ergonomic}
   size_t InitialHeapSize                          = 132120576                                 {product} {command line}
   size_t MarkStackSize                            = 4194304                                   {product} {ergonomic}
   size_t MaxHeapSize                              = 4294967296                                {product} {command line}
   size_t MaxNewSize                               = 2575302656                                {product} {ergonomic}
   size_t MinHeapDeltaBytes                        = 2097152                                   {product} {ergonomic}
   size_t MinHeapSize                              = 132120576                                 {product} {command line}
    uintx NonNMethodCodeHeapSize                   = 5839372                                {pd product} {ergonomic}
    uintx NonProfiledCodeHeapSize                  = 122909434                              {pd product} {ergonomic}
    uintx ProfiledCodeHeapSize                     = 122909434                              {pd product} {ergonomic}
    uintx ReservedCodeCacheSize                    = 251658240                              {pd product} {ergonomic}
     bool SegmentedCodeCache                       = true                                      {product} {ergonomic}
     bool ShowCodeDetailsInExceptionMessages       = true                                   {manageable} {command line}
   size_t SoftMaxHeapSize                          = 4294967296                             {manageable} {ergonomic}
     bool UseCompressedClassPointers               = true                           {product lp64_product} {ergonomic}
     bool UseCompressedOops                        = true                           {product lp64_product} {ergonomic}
     bool UseG1GC                                  = true                                      {product} {command line}
     bool UseLargePagesIndividualAllocation        = false                                  {pd product} {ergonomic}

Logging:
Log output configuration:
 #0: stdout all=warning uptime,level,tags
 #1: stderr all=off uptime,level,tags

Environment Variables:
PATH=C:\Users\swakde\.p2\pool\plugins\org.eclipse.justj.openjdk.hotspot.jre.full.win32.x86_64_17.0.3.v20220515-1416\jre\bin;C:/Users/swakde/.p2/pool/plugins/org.eclipse.justj.openjdk.hotspot.jre.full.win32.x86_64_17.0.3.v20220515-1416/jre/bin/server;C:/Users/swakde/.p2/pool/plugins/org.eclipse.justj.openjdk.hotspot.jre.full.win32.x86_64_17.0.3.v20220515-1416/jre/bin;C:\app\swakde\product\21c\dbhomeXE\bin;C:\Program Files (x86)\Common Files\Oracle\Java\javapath;C:\Windows\system32;C:\Windows;C:\Windows\System32\Wbem;C:\Windows\System32\WindowsPowerShell\v1.0\;C:\Windows\System32\OpenSSH\;C:\Program Files\WindowsPowerShell\Scripts;C:\Program Files\PuTTY\;C:\Program Files\Java\jdk1.8.0_202\bin;C:\Program Files\Git\cmd;C:\Users\swakde\AppData\Local\Microsoft\WindowsApps;;C:\Windows\System32;
USERNAME=swakde
OS=Windows_NT
PROCESSOR_IDENTIFIER=Intel64 Family 6 Model 140 Stepping 1, GenuineIntel



---------------  S Y S T E M  ---------------

OS:
 Windows 10 , 64 bit Build 19041 (10.0.19041.1889)
OS uptime: 13 days 23:07 hours

CPU: total 8 (initial active 8) (4 cores per cpu, 2 threads per core) family 6 model 140 stepping 1 microcode 0xa4, cx8, cmov, fxsr, ht, mmx, 3dnowpref, sse, sse2, sse3, ssse3, sse4.1, sse4.2, popcnt, lzcnt, tsc, tscinvbit, avx, avx2, aes, erms, clmul, bmi1, bmi2, adx, avx512f, avx512dq, avx512cd, avx512bw, avx512vl, sha, fma, vzeroupper, avx512_vpopcntdq, avx512_vpclmulqdq, avx512_vaes, avx512_vnni, clflush, clflushopt, clwb, avx512_vbmi2, avx512_vbmi

Memory: 4k page, system-wide physical 16103M (7210M free)
TotalPageFile size 18535M (AvailPageFile size 6763M)
current process WorkingSet (physical memory assigned to process): 914M, peak: 959M
current process commit charge ("private bytes"): 947M, peak: 993M

vm_info: OpenJDK 64-Bit Server VM (17.0.3+7) for windows-amd64 JRE (17.0.3+7), built on Apr 19 2022 16:55:35 by "" with MS VC++ 16.7 (VS2019)

END.
